ERROR - 2025-10-14 03:47:23 --> mysqli_sql_exception: Duplicate entry 'ftftgt@gmail.com' for key 'email' in C:\xampp\htdocs\biodata-api\system\Database\MySQLi\Connection.php:327
Stack trace:
#0 C:\xampp\htdocs\biodata-api\system\Database\MySQLi\Connection.php(327): mysqli->query('INSERT INTO `bi...', 0)
#1 C:\xampp\htdocs\biodata-api\system\Database\BaseConnection.php(729): CodeIgniter\Database\MySQLi\Connection->execute('INSERT INTO `bi...')
#2 C:\xampp\htdocs\biodata-api\system\Database\BaseConnection.php(646): CodeIgniter\Database\BaseConnection->simpleQuery('INSERT INTO `bi...')
#3 C:\xampp\htdocs\biodata-api\system\Database\BaseBuilder.php(2345): CodeIgniter\Database\BaseConnection->query('INSERT INTO `bi...', Array, false)
#4 C:\xampp\htdocs\biodata-api\system\Model.php(394): CodeIgniter\Database\BaseBuilder->insert()
#5 C:\xampp\htdocs\biodata-api\system\BaseModel.php(838): CodeIgniter\Model->doInsert(Array)
#6 C:\xampp\htdocs\biodata-api\system\Model.php(797): CodeIgniter\BaseModel->insert(Array, true)
#7 C:\xampp\htdocs\biodata-api\app\Controllers\BiodataController.php(33): CodeIgniter\Model->insert(Array)
#8 C:\xampp\htdocs\biodata-api\system\CodeIgniter.php(933): App\Controllers\BiodataController->create()
#9 C:\xampp\htdocs\biodata-api\system\CodeIgniter.php(507): CodeIgniter\CodeIgniter->runController(Object(App\Controllers\BiodataController))
#10 C:\xampp\htdocs\biodata-api\system\CodeIgniter.php(354): CodeIgniter\CodeIgniter->handleRequest(NULL, Object(Config\Cache), false)
#11 C:\xampp\htdocs\biodata-api\system\Boot.php(363): CodeIgniter\CodeIgniter->run()
#12 C:\xampp\htdocs\biodata-api\system\Boot.php(68): CodeIgniter\Boot::runCodeIgniter(Object(CodeIgniter\CodeIgniter))
#13 C:\xampp\htdocs\biodata-api\public\index.php(59): CodeIgniter\Boot::bootWeb(Object(Config\Paths))
#14 {main}
CRITICAL - 2025-10-14 03:47:24 --> CodeIgniter\Database\Exceptions\DatabaseException: Duplicate entry 'ftftgt@gmail.com' for key 'email'
[Method: POST, Route: biodata]
in SYSTEMPATH\Database\BaseConnection.php on line 684.
 1 SYSTEMPATH\Database\BaseBuilder.php(2345): CodeIgniter\Database\BaseConnection->query('INSERT INTO `biodata` (`nama`, `alamat`, `tempat_lahir`, `tanggal_lahir`, `jenis_kelamin`, `no_telp`, `email`) VALUES (:nama:, :alamat:, :tempat_lahir:, :tanggal_lahir:, :jenis_kelamin:, :no_telp:, :email:)', [...], false)
 2 SYSTEMPATH\Model.php(394): CodeIgniter\Database\BaseBuilder->insert()
 3 SYSTEMPATH\BaseModel.php(838): CodeIgniter\Model->doInsert([...])
 4 SYSTEMPATH\Model.php(797): CodeIgniter\BaseModel->insert([...], true)
 5 APPPATH\Controllers\BiodataController.php(33): CodeIgniter\Model->insert([...])
 6 SYSTEMPATH\CodeIgniter.php(933): App\Controllers\BiodataController->create()
 7 SYSTEMPATH\CodeIgniter.php(507): CodeIgniter\CodeIgniter->runController(Object(App\Controllers\BiodataController))
 8 SYSTEMPATH\CodeIgniter.php(354): CodeIgniter\CodeIgniter->handleRequest(null, Object(Config\Cache), false)
 9 SYSTEMPATH\Boot.php(363): CodeIgniter\CodeIgniter->run()
10 SYSTEMPATH\Boot.php(68): CodeIgniter\Boot::runCodeIgniter(Object(CodeIgniter\CodeIgniter))
11 FCPATH\index.php(59): CodeIgniter\Boot::bootWeb(Object(Config\Paths))
CRITICAL - 2025-10-14 03:47:24 --> [Caused by] CodeIgniter\Database\Exceptions\DatabaseException: Duplicate entry 'ftftgt@gmail.com' for key 'email'
in SYSTEMPATH\Database\MySQLi\Connection.php on line 332.
 1 SYSTEMPATH\Database\BaseConnection.php(729): CodeIgniter\Database\MySQLi\Connection->execute('INSERT INTO `biodata` (`nama`, `alamat`, `tempat_lahir`, `tanggal_lahir`, `jenis_kelamin`, `no_telp`, `email`) VALUES (\'yubugyu\', \'hbyygy\', \'huug\', \'97878\', \'bubub\', \'8797789\', \'ftftgt@gmail.com\')')
 2 SYSTEMPATH\Database\BaseConnection.php(646): CodeIgniter\Database\BaseConnection->simpleQuery('INSERT INTO `biodata` (`nama`, `alamat`, `tempat_lahir`, `tanggal_lahir`, `jenis_kelamin`, `no_telp`, `email`) VALUES (\'yubugyu\', \'hbyygy\', \'huug\', \'97878\', \'bubub\', \'8797789\', \'ftftgt@gmail.com\')')
 3 SYSTEMPATH\Database\BaseBuilder.php(2345): CodeIgniter\Database\BaseConnection->query('INSERT INTO `biodata` (`nama`, `alamat`, `tempat_lahir`, `tanggal_lahir`, `jenis_kelamin`, `no_telp`, `email`) VALUES (:nama:, :alamat:, :tempat_lahir:, :tanggal_lahir:, :jenis_kelamin:, :no_telp:, :email:)', [...], false)
 4 SYSTEMPATH\Model.php(394): CodeIgniter\Database\BaseBuilder->insert()
 5 SYSTEMPATH\BaseModel.php(838): CodeIgniter\Model->doInsert([...])
 6 SYSTEMPATH\Model.php(797): CodeIgniter\BaseModel->insert([...], true)
 7 APPPATH\Controllers\BiodataController.php(33): CodeIgniter\Model->insert([...])
 8 SYSTEMPATH\CodeIgniter.php(933): App\Controllers\BiodataController->create()
 9 SYSTEMPATH\CodeIgniter.php(507): CodeIgniter\CodeIgniter->runController(Object(App\Controllers\BiodataController))
10 SYSTEMPATH\CodeIgniter.php(354): CodeIgniter\CodeIgniter->handleRequest(null, Object(Config\Cache), false)
11 SYSTEMPATH\Boot.php(363): CodeIgniter\CodeIgniter->run()
12 SYSTEMPATH\Boot.php(68): CodeIgniter\Boot::runCodeIgniter(Object(CodeIgniter\CodeIgniter))
13 FCPATH\index.php(59): CodeIgniter\Boot::bootWeb(Object(Config\Paths))
CRITICAL - 2025-10-14 03:47:24 --> [Caused by] mysqli_sql_exception: Duplicate entry 'ftftgt@gmail.com' for key 'email'
in SYSTEMPATH\Database\MySQLi\Connection.php on line 327.
 1 SYSTEMPATH\Database\MySQLi\Connection.php(327): mysqli->query('INSERT INTO `biodata` (`nama`, `alamat`, `tempat_lahir`, `tanggal_lahir`, `jenis_kelamin`, `no_telp`, `email`) VALUES (\'yubugyu\', \'hbyygy\', \'huug\', \'97878\', \'bubub\', \'8797789\', \'ftftgt@gmail.com\')', 0)
 2 SYSTEMPATH\Database\BaseConnection.php(729): CodeIgniter\Database\MySQLi\Connection->execute('INSERT INTO `biodata` (`nama`, `alamat`, `tempat_lahir`, `tanggal_lahir`, `jenis_kelamin`, `no_telp`, `email`) VALUES (\'yubugyu\', \'hbyygy\', \'huug\', \'97878\', \'bubub\', \'8797789\', \'ftftgt@gmail.com\')')
 3 SYSTEMPATH\Database\BaseConnection.php(646): CodeIgniter\Database\BaseConnection->simpleQuery('INSERT INTO `biodata` (`nama`, `alamat`, `tempat_lahir`, `tanggal_lahir`, `jenis_kelamin`, `no_telp`, `email`) VALUES (\'yubugyu\', \'hbyygy\', \'huug\', \'97878\', \'bubub\', \'8797789\', \'ftftgt@gmail.com\')')
 4 SYSTEMPATH\Database\BaseBuilder.php(2345): CodeIgniter\Database\BaseConnection->query('INSERT INTO `biodata` (`nama`, `alamat`, `tempat_lahir`, `tanggal_lahir`, `jenis_kelamin`, `no_telp`, `email`) VALUES (:nama:, :alamat:, :tempat_lahir:, :tanggal_lahir:, :jenis_kelamin:, :no_telp:, :email:)', [...], false)
 5 SYSTEMPATH\Model.php(394): CodeIgniter\Database\BaseBuilder->insert()
 6 SYSTEMPATH\BaseModel.php(838): CodeIgniter\Model->doInsert([...])
 7 SYSTEMPATH\Model.php(797): CodeIgniter\BaseModel->insert([...], true)
 8 APPPATH\Controllers\BiodataController.php(33): CodeIgniter\Model->insert([...])
 9 SYSTEMPATH\CodeIgniter.php(933): App\Controllers\BiodataController->create()
10 SYSTEMPATH\CodeIgniter.php(507): CodeIgniter\CodeIgniter->runController(Object(App\Controllers\BiodataController))
11 SYSTEMPATH\CodeIgniter.php(354): CodeIgniter\CodeIgniter->handleRequest(null, Object(Config\Cache), false)
12 SYSTEMPATH\Boot.php(363): CodeIgniter\CodeIgniter->run()
13 SYSTEMPATH\Boot.php(68): CodeIgniter\Boot::runCodeIgniter(Object(CodeIgniter\CodeIgniter))
14 FCPATH\index.php(59): CodeIgniter\Boot::bootWeb(Object(Config\Paths))
ERROR - 2025-10-14 04:00:40 --> mysqli_sql_exception: Column 'tempat_lahir' cannot be null in C:\xampp\htdocs\biodata-api\system\Database\MySQLi\Connection.php:327
Stack trace:
#0 C:\xampp\htdocs\biodata-api\system\Database\MySQLi\Connection.php(327): mysqli->query('INSERT INTO `bi...', 0)
#1 C:\xampp\htdocs\biodata-api\system\Database\BaseConnection.php(729): CodeIgniter\Database\MySQLi\Connection->execute('INSERT INTO `bi...')
#2 C:\xampp\htdocs\biodata-api\system\Database\BaseConnection.php(646): CodeIgniter\Database\BaseConnection->simpleQuery('INSERT INTO `bi...')
#3 C:\xampp\htdocs\biodata-api\system\Database\BaseBuilder.php(2345): CodeIgniter\Database\BaseConnection->query('INSERT INTO `bi...', Array, false)
#4 C:\xampp\htdocs\biodata-api\system\Model.php(394): CodeIgniter\Database\BaseBuilder->insert()
#5 C:\xampp\htdocs\biodata-api\system\BaseModel.php(838): CodeIgniter\Model->doInsert(Array)
#6 C:\xampp\htdocs\biodata-api\system\Model.php(797): CodeIgniter\BaseModel->insert(Array, true)
#7 C:\xampp\htdocs\biodata-api\app\Controllers\BiodataController.php(33): CodeIgniter\Model->insert(Array)
#8 C:\xampp\htdocs\biodata-api\system\CodeIgniter.php(933): App\Controllers\BiodataController->create()
#9 C:\xampp\htdocs\biodata-api\system\CodeIgniter.php(507): CodeIgniter\CodeIgniter->runController(Object(App\Controllers\BiodataController))
#10 C:\xampp\htdocs\biodata-api\system\CodeIgniter.php(354): CodeIgniter\CodeIgniter->handleRequest(NULL, Object(Config\Cache), false)
#11 C:\xampp\htdocs\biodata-api\system\Boot.php(363): CodeIgniter\CodeIgniter->run()
#12 C:\xampp\htdocs\biodata-api\system\Boot.php(68): CodeIgniter\Boot::runCodeIgniter(Object(CodeIgniter\CodeIgniter))
#13 C:\xampp\htdocs\biodata-api\public\index.php(59): CodeIgniter\Boot::bootWeb(Object(Config\Paths))
#14 C:\xampp\htdocs\biodata-api\system\rewrite.php(44): require_once('C:\\xampp\\htdocs...')
#15 {main}
CRITICAL - 2025-10-14 04:00:40 --> CodeIgniter\Database\Exceptions\DatabaseException: Column 'tempat_lahir' cannot be null
[Method: POST, Route: biodata]
in SYSTEMPATH\Database\BaseConnection.php on line 684.
 1 SYSTEMPATH\Database\BaseBuilder.php(2345): CodeIgniter\Database\BaseConnection->query('INSERT INTO `biodata` (`nama`, `alamat`, `tempat_lahir`, `tanggal_lahir`, `jenis_kelamin`, `no_telp`, `email`) VALUES (:nama:, :alamat:, :tempat_lahir:, :tanggal_lahir:, :jenis_kelamin:, :no_telp:, :email:)', [...], false)
 2 SYSTEMPATH\Model.php(394): CodeIgniter\Database\BaseBuilder->insert()
 3 SYSTEMPATH\BaseModel.php(838): CodeIgniter\Model->doInsert([...])
 4 SYSTEMPATH\Model.php(797): CodeIgniter\BaseModel->insert([...], true)
 5 APPPATH\Controllers\BiodataController.php(33): CodeIgniter\Model->insert([...])
 6 SYSTEMPATH\CodeIgniter.php(933): App\Controllers\BiodataController->create()
 7 SYSTEMPATH\CodeIgniter.php(507): CodeIgniter\CodeIgniter->runController(Object(App\Controllers\BiodataController))
 8 SYSTEMPATH\CodeIgniter.php(354): CodeIgniter\CodeIgniter->handleRequest(null, Object(Config\Cache), false)
 9 SYSTEMPATH\Boot.php(363): CodeIgniter\CodeIgniter->run()
10 SYSTEMPATH\Boot.php(68): CodeIgniter\Boot::runCodeIgniter(Object(CodeIgniter\CodeIgniter))
11 FCPATH\index.php(59): CodeIgniter\Boot::bootWeb(Object(Config\Paths))
12 SYSTEMPATH\rewrite.php(44): require_once('C:\\xampp\\htdocs\\biodata-api\\public\\index.php')
CRITICAL - 2025-10-14 04:00:40 --> [Caused by] CodeIgniter\Database\Exceptions\DatabaseException: Column 'tempat_lahir' cannot be null
in SYSTEMPATH\Database\MySQLi\Connection.php on line 332.
 1 SYSTEMPATH\Database\BaseConnection.php(729): CodeIgniter\Database\MySQLi\Connection->execute('INSERT INTO `biodata` (`nama`, `alamat`, `tempat_lahir`, `tanggal_lahir`, `jenis_kelamin`, `no_telp`, `email`) VALUES (\'tes\', \'tes@example.com\', NULL, \'08022008\', \'pria\', \'085817732186\', \'baru@gmail.com\')')
 2 SYSTEMPATH\Database\BaseConnection.php(646): CodeIgniter\Database\BaseConnection->simpleQuery('INSERT INTO `biodata` (`nama`, `alamat`, `tempat_lahir`, `tanggal_lahir`, `jenis_kelamin`, `no_telp`, `email`) VALUES (\'tes\', \'tes@example.com\', NULL, \'08022008\', \'pria\', \'085817732186\', \'baru@gmail.com\')')
 3 SYSTEMPATH\Database\BaseBuilder.php(2345): CodeIgniter\Database\BaseConnection->query('INSERT INTO `biodata` (`nama`, `alamat`, `tempat_lahir`, `tanggal_lahir`, `jenis_kelamin`, `no_telp`, `email`) VALUES (:nama:, :alamat:, :tempat_lahir:, :tanggal_lahir:, :jenis_kelamin:, :no_telp:, :email:)', [...], false)
 4 SYSTEMPATH\Model.php(394): CodeIgniter\Database\BaseBuilder->insert()
 5 SYSTEMPATH\BaseModel.php(838): CodeIgniter\Model->doInsert([...])
 6 SYSTEMPATH\Model.php(797): CodeIgniter\BaseModel->insert([...], true)
 7 APPPATH\Controllers\BiodataController.php(33): CodeIgniter\Model->insert([...])
 8 SYSTEMPATH\CodeIgniter.php(933): App\Controllers\BiodataController->create()
 9 SYSTEMPATH\CodeIgniter.php(507): CodeIgniter\CodeIgniter->runController(Object(App\Controllers\BiodataController))
10 SYSTEMPATH\CodeIgniter.php(354): CodeIgniter\CodeIgniter->handleRequest(null, Object(Config\Cache), false)
11 SYSTEMPATH\Boot.php(363): CodeIgniter\CodeIgniter->run()
12 SYSTEMPATH\Boot.php(68): CodeIgniter\Boot::runCodeIgniter(Object(CodeIgniter\CodeIgniter))
13 FCPATH\index.php(59): CodeIgniter\Boot::bootWeb(Object(Config\Paths))
14 SYSTEMPATH\rewrite.php(44): require_once('C:\\xampp\\htdocs\\biodata-api\\public\\index.php')
CRITICAL - 2025-10-14 04:00:40 --> [Caused by] mysqli_sql_exception: Column 'tempat_lahir' cannot be null
in SYSTEMPATH\Database\MySQLi\Connection.php on line 327.
 1 SYSTEMPATH\Database\MySQLi\Connection.php(327): mysqli->query('INSERT INTO `biodata` (`nama`, `alamat`, `tempat_lahir`, `tanggal_lahir`, `jenis_kelamin`, `no_telp`, `email`) VALUES (\'tes\', \'tes@example.com\', NULL, \'08022008\', \'pria\', \'085817732186\', \'baru@gmail.com\')', 0)
 2 SYSTEMPATH\Database\BaseConnection.php(729): CodeIgniter\Database\MySQLi\Connection->execute('INSERT INTO `biodata` (`nama`, `alamat`, `tempat_lahir`, `tanggal_lahir`, `jenis_kelamin`, `no_telp`, `email`) VALUES (\'tes\', \'tes@example.com\', NULL, \'08022008\', \'pria\', \'085817732186\', \'baru@gmail.com\')')
 3 SYSTEMPATH\Database\BaseConnection.php(646): CodeIgniter\Database\BaseConnection->simpleQuery('INSERT INTO `biodata` (`nama`, `alamat`, `tempat_lahir`, `tanggal_lahir`, `jenis_kelamin`, `no_telp`, `email`) VALUES (\'tes\', \'tes@example.com\', NULL, \'08022008\', \'pria\', \'085817732186\', \'baru@gmail.com\')')
 4 SYSTEMPATH\Database\BaseBuilder.php(2345): CodeIgniter\Database\BaseConnection->query('INSERT INTO `biodata` (`nama`, `alamat`, `tempat_lahir`, `tanggal_lahir`, `jenis_kelamin`, `no_telp`, `email`) VALUES (:nama:, :alamat:, :tempat_lahir:, :tanggal_lahir:, :jenis_kelamin:, :no_telp:, :email:)', [...], false)
 5 SYSTEMPATH\Model.php(394): CodeIgniter\Database\BaseBuilder->insert()
 6 SYSTEMPATH\BaseModel.php(838): CodeIgniter\Model->doInsert([...])
 7 SYSTEMPATH\Model.php(797): CodeIgniter\BaseModel->insert([...], true)
 8 APPPATH\Controllers\BiodataController.php(33): CodeIgniter\Model->insert([...])
 9 SYSTEMPATH\CodeIgniter.php(933): App\Controllers\BiodataController->create()
10 SYSTEMPATH\CodeIgniter.php(507): CodeIgniter\CodeIgniter->runController(Object(App\Controllers\BiodataController))
11 SYSTEMPATH\CodeIgniter.php(354): CodeIgniter\CodeIgniter->handleRequest(null, Object(Config\Cache), false)
12 SYSTEMPATH\Boot.php(363): CodeIgniter\CodeIgniter->run()
13 SYSTEMPATH\Boot.php(68): CodeIgniter\Boot::runCodeIgniter(Object(CodeIgniter\CodeIgniter))
14 FCPATH\index.php(59): CodeIgniter\Boot::bootWeb(Object(Config\Paths))
15 SYSTEMPATH\rewrite.php(44): require_once('C:\\xampp\\htdocs\\biodata-api\\public\\index.php')
ERROR - 2025-10-14 04:01:10 --> mysqli_sql_exception: Duplicate entry 'baru@gmail.com' for key 'email' in C:\xampp\htdocs\biodata-api\system\Database\MySQLi\Connection.php:327
Stack trace:
#0 C:\xampp\htdocs\biodata-api\system\Database\MySQLi\Connection.php(327): mysqli->query('INSERT INTO `bi...', 0)
#1 C:\xampp\htdocs\biodata-api\system\Database\BaseConnection.php(729): CodeIgniter\Database\MySQLi\Connection->execute('INSERT INTO `bi...')
#2 C:\xampp\htdocs\biodata-api\system\Database\BaseConnection.php(646): CodeIgniter\Database\BaseConnection->simpleQuery('INSERT INTO `bi...')
#3 C:\xampp\htdocs\biodata-api\system\Database\BaseBuilder.php(2345): CodeIgniter\Database\BaseConnection->query('INSERT INTO `bi...', Array, false)
#4 C:\xampp\htdocs\biodata-api\system\Model.php(394): CodeIgniter\Database\BaseBuilder->insert()
#5 C:\xampp\htdocs\biodata-api\system\BaseModel.php(838): CodeIgniter\Model->doInsert(Array)
#6 C:\xampp\htdocs\biodata-api\system\Model.php(797): CodeIgniter\BaseModel->insert(Array, true)
#7 C:\xampp\htdocs\biodata-api\app\Controllers\BiodataController.php(33): CodeIgniter\Model->insert(Array)
#8 C:\xampp\htdocs\biodata-api\system\CodeIgniter.php(933): App\Controllers\BiodataController->create()
#9 C:\xampp\htdocs\biodata-api\system\CodeIgniter.php(507): CodeIgniter\CodeIgniter->runController(Object(App\Controllers\BiodataController))
#10 C:\xampp\htdocs\biodata-api\system\CodeIgniter.php(354): CodeIgniter\CodeIgniter->handleRequest(NULL, Object(Config\Cache), false)
#11 C:\xampp\htdocs\biodata-api\system\Boot.php(363): CodeIgniter\CodeIgniter->run()
#12 C:\xampp\htdocs\biodata-api\system\Boot.php(68): CodeIgniter\Boot::runCodeIgniter(Object(CodeIgniter\CodeIgniter))
#13 C:\xampp\htdocs\biodata-api\public\index.php(59): CodeIgniter\Boot::bootWeb(Object(Config\Paths))
#14 C:\xampp\htdocs\biodata-api\system\rewrite.php(44): require_once('C:\\xampp\\htdocs...')
#15 {main}
CRITICAL - 2025-10-14 04:01:10 --> CodeIgniter\Database\Exceptions\DatabaseException: Duplicate entry 'baru@gmail.com' for key 'email'
[Method: POST, Route: biodata]
in SYSTEMPATH\Database\BaseConnection.php on line 684.
 1 SYSTEMPATH\Database\BaseBuilder.php(2345): CodeIgniter\Database\BaseConnection->query('INSERT INTO `biodata` (`nama`, `alamat`, `tempat_lahir`, `tanggal_lahir`, `jenis_kelamin`, `no_telp`, `email`) VALUES (:nama:, :alamat:, :tempat_lahir:, :tanggal_lahir:, :jenis_kelamin:, :no_telp:, :email:)', [...], false)
 2 SYSTEMPATH\Model.php(394): CodeIgniter\Database\BaseBuilder->insert()
 3 SYSTEMPATH\BaseModel.php(838): CodeIgniter\Model->doInsert([...])
 4 SYSTEMPATH\Model.php(797): CodeIgniter\BaseModel->insert([...], true)
 5 APPPATH\Controllers\BiodataController.php(33): CodeIgniter\Model->insert([...])
 6 SYSTEMPATH\CodeIgniter.php(933): App\Controllers\BiodataController->create()
 7 SYSTEMPATH\CodeIgniter.php(507): CodeIgniter\CodeIgniter->runController(Object(App\Controllers\BiodataController))
 8 SYSTEMPATH\CodeIgniter.php(354): CodeIgniter\CodeIgniter->handleRequest(null, Object(Config\Cache), false)
 9 SYSTEMPATH\Boot.php(363): CodeIgniter\CodeIgniter->run()
10 SYSTEMPATH\Boot.php(68): CodeIgniter\Boot::runCodeIgniter(Object(CodeIgniter\CodeIgniter))
11 FCPATH\index.php(59): CodeIgniter\Boot::bootWeb(Object(Config\Paths))
12 SYSTEMPATH\rewrite.php(44): require_once('C:\\xampp\\htdocs\\biodata-api\\public\\index.php')
CRITICAL - 2025-10-14 04:01:10 --> [Caused by] CodeIgniter\Database\Exceptions\DatabaseException: Duplicate entry 'baru@gmail.com' for key 'email'
in SYSTEMPATH\Database\MySQLi\Connection.php on line 332.
 1 SYSTEMPATH\Database\BaseConnection.php(729): CodeIgniter\Database\MySQLi\Connection->execute('INSERT INTO `biodata` (`nama`, `alamat`, `tempat_lahir`, `tanggal_lahir`, `jenis_kelamin`, `no_telp`, `email`) VALUES (\'tes\', \'tes@example.com\', \'malang\', \'08022008\', \'pria\', \'085817732186\', \'baru@gmail.com\')')
 2 SYSTEMPATH\Database\BaseConnection.php(646): CodeIgniter\Database\BaseConnection->simpleQuery('INSERT INTO `biodata` (`nama`, `alamat`, `tempat_lahir`, `tanggal_lahir`, `jenis_kelamin`, `no_telp`, `email`) VALUES (\'tes\', \'tes@example.com\', \'malang\', \'08022008\', \'pria\', \'085817732186\', \'baru@gmail.com\')')
 3 SYSTEMPATH\Database\BaseBuilder.php(2345): CodeIgniter\Database\BaseConnection->query('INSERT INTO `biodata` (`nama`, `alamat`, `tempat_lahir`, `tanggal_lahir`, `jenis_kelamin`, `no_telp`, `email`) VALUES (:nama:, :alamat:, :tempat_lahir:, :tanggal_lahir:, :jenis_kelamin:, :no_telp:, :email:)', [...], false)
 4 SYSTEMPATH\Model.php(394): CodeIgniter\Database\BaseBuilder->insert()
 5 SYSTEMPATH\BaseModel.php(838): CodeIgniter\Model->doInsert([...])
 6 SYSTEMPATH\Model.php(797): CodeIgniter\BaseModel->insert([...], true)
 7 APPPATH\Controllers\BiodataController.php(33): CodeIgniter\Model->insert([...])
 8 SYSTEMPATH\CodeIgniter.php(933): App\Controllers\BiodataController->create()
 9 SYSTEMPATH\CodeIgniter.php(507): CodeIgniter\CodeIgniter->runController(Object(App\Controllers\BiodataController))
10 SYSTEMPATH\CodeIgniter.php(354): CodeIgniter\CodeIgniter->handleRequest(null, Object(Config\Cache), false)
11 SYSTEMPATH\Boot.php(363): CodeIgniter\CodeIgniter->run()
12 SYSTEMPATH\Boot.php(68): CodeIgniter\Boot::runCodeIgniter(Object(CodeIgniter\CodeIgniter))
13 FCPATH\index.php(59): CodeIgniter\Boot::bootWeb(Object(Config\Paths))
14 SYSTEMPATH\rewrite.php(44): require_once('C:\\xampp\\htdocs\\biodata-api\\public\\index.php')
CRITICAL - 2025-10-14 04:01:10 --> [Caused by] mysqli_sql_exception: Duplicate entry 'baru@gmail.com' for key 'email'
in SYSTEMPATH\Database\MySQLi\Connection.php on line 327.
 1 SYSTEMPATH\Database\MySQLi\Connection.php(327): mysqli->query('INSERT INTO `biodata` (`nama`, `alamat`, `tempat_lahir`, `tanggal_lahir`, `jenis_kelamin`, `no_telp`, `email`) VALUES (\'tes\', \'tes@example.com\', \'malang\', \'08022008\', \'pria\', \'085817732186\', \'baru@gmail.com\')', 0)
 2 SYSTEMPATH\Database\BaseConnection.php(729): CodeIgniter\Database\MySQLi\Connection->execute('INSERT INTO `biodata` (`nama`, `alamat`, `tempat_lahir`, `tanggal_lahir`, `jenis_kelamin`, `no_telp`, `email`) VALUES (\'tes\', \'tes@example.com\', \'malang\', \'08022008\', \'pria\', \'085817732186\', \'baru@gmail.com\')')
 3 SYSTEMPATH\Database\BaseConnection.php(646): CodeIgniter\Database\BaseConnection->simpleQuery('INSERT INTO `biodata` (`nama`, `alamat`, `tempat_lahir`, `tanggal_lahir`, `jenis_kelamin`, `no_telp`, `email`) VALUES (\'tes\', \'tes@example.com\', \'malang\', \'08022008\', \'pria\', \'085817732186\', \'baru@gmail.com\')')
 4 SYSTEMPATH\Database\BaseBuilder.php(2345): CodeIgniter\Database\BaseConnection->query('INSERT INTO `biodata` (`nama`, `alamat`, `tempat_lahir`, `tanggal_lahir`, `jenis_kelamin`, `no_telp`, `email`) VALUES (:nama:, :alamat:, :tempat_lahir:, :tanggal_lahir:, :jenis_kelamin:, :no_telp:, :email:)', [...], false)
 5 SYSTEMPATH\Model.php(394): CodeIgniter\Database\BaseBuilder->insert()
 6 SYSTEMPATH\BaseModel.php(838): CodeIgniter\Model->doInsert([...])
 7 SYSTEMPATH\Model.php(797): CodeIgniter\BaseModel->insert([...], true)
 8 APPPATH\Controllers\BiodataController.php(33): CodeIgniter\Model->insert([...])
 9 SYSTEMPATH\CodeIgniter.php(933): App\Controllers\BiodataController->create()
10 SYSTEMPATH\CodeIgniter.php(507): CodeIgniter\CodeIgniter->runController(Object(App\Controllers\BiodataController))
11 SYSTEMPATH\CodeIgniter.php(354): CodeIgniter\CodeIgniter->handleRequest(null, Object(Config\Cache), false)
12 SYSTEMPATH\Boot.php(363): CodeIgniter\CodeIgniter->run()
13 SYSTEMPATH\Boot.php(68): CodeIgniter\Boot::runCodeIgniter(Object(CodeIgniter\CodeIgniter))
14 FCPATH\index.php(59): CodeIgniter\Boot::bootWeb(Object(Config\Paths))
15 SYSTEMPATH\rewrite.php(44): require_once('C:\\xampp\\htdocs\\biodata-api\\public\\index.php')
ERROR - 2025-10-14 04:01:23 --> mysqli_sql_exception: Duplicate entry 'baru@gmail.com' for key 'email' in C:\xampp\htdocs\biodata-api\system\Database\MySQLi\Connection.php:327
Stack trace:
#0 C:\xampp\htdocs\biodata-api\system\Database\MySQLi\Connection.php(327): mysqli->query('INSERT INTO `bi...', 0)
#1 C:\xampp\htdocs\biodata-api\system\Database\BaseConnection.php(729): CodeIgniter\Database\MySQLi\Connection->execute('INSERT INTO `bi...')
#2 C:\xampp\htdocs\biodata-api\system\Database\BaseConnection.php(646): CodeIgniter\Database\BaseConnection->simpleQuery('INSERT INTO `bi...')
#3 C:\xampp\htdocs\biodata-api\system\Database\BaseBuilder.php(2345): CodeIgniter\Database\BaseConnection->query('INSERT INTO `bi...', Array, false)
#4 C:\xampp\htdocs\biodata-api\system\Model.php(394): CodeIgniter\Database\BaseBuilder->insert()
#5 C:\xampp\htdocs\biodata-api\system\BaseModel.php(838): CodeIgniter\Model->doInsert(Array)
#6 C:\xampp\htdocs\biodata-api\system\Model.php(797): CodeIgniter\BaseModel->insert(Array, true)
#7 C:\xampp\htdocs\biodata-api\app\Controllers\BiodataController.php(33): CodeIgniter\Model->insert(Array)
#8 C:\xampp\htdocs\biodata-api\system\CodeIgniter.php(933): App\Controllers\BiodataController->create()
#9 C:\xampp\htdocs\biodata-api\system\CodeIgniter.php(507): CodeIgniter\CodeIgniter->runController(Object(App\Controllers\BiodataController))
#10 C:\xampp\htdocs\biodata-api\system\CodeIgniter.php(354): CodeIgniter\CodeIgniter->handleRequest(NULL, Object(Config\Cache), false)
#11 C:\xampp\htdocs\biodata-api\system\Boot.php(363): CodeIgniter\CodeIgniter->run()
#12 C:\xampp\htdocs\biodata-api\system\Boot.php(68): CodeIgniter\Boot::runCodeIgniter(Object(CodeIgniter\CodeIgniter))
#13 C:\xampp\htdocs\biodata-api\public\index.php(59): CodeIgniter\Boot::bootWeb(Object(Config\Paths))
#14 C:\xampp\htdocs\biodata-api\system\rewrite.php(44): require_once('C:\\xampp\\htdocs...')
#15 {main}
CRITICAL - 2025-10-14 04:01:23 --> CodeIgniter\Database\Exceptions\DatabaseException: Duplicate entry 'baru@gmail.com' for key 'email'
[Method: POST, Route: biodata]
in SYSTEMPATH\Database\BaseConnection.php on line 684.
 1 SYSTEMPATH\Database\BaseBuilder.php(2345): CodeIgniter\Database\BaseConnection->query('INSERT INTO `biodata` (`nama`, `alamat`, `tempat_lahir`, `tanggal_lahir`, `jenis_kelamin`, `no_telp`, `email`) VALUES (:nama:, :alamat:, :tempat_lahir:, :tanggal_lahir:, :jenis_kelamin:, :no_telp:, :email:)', [...], false)
 2 SYSTEMPATH\Model.php(394): CodeIgniter\Database\BaseBuilder->insert()
 3 SYSTEMPATH\BaseModel.php(838): CodeIgniter\Model->doInsert([...])
 4 SYSTEMPATH\Model.php(797): CodeIgniter\BaseModel->insert([...], true)
 5 APPPATH\Controllers\BiodataController.php(33): CodeIgniter\Model->insert([...])
 6 SYSTEMPATH\CodeIgniter.php(933): App\Controllers\BiodataController->create()
 7 SYSTEMPATH\CodeIgniter.php(507): CodeIgniter\CodeIgniter->runController(Object(App\Controllers\BiodataController))
 8 SYSTEMPATH\CodeIgniter.php(354): CodeIgniter\CodeIgniter->handleRequest(null, Object(Config\Cache), false)
 9 SYSTEMPATH\Boot.php(363): CodeIgniter\CodeIgniter->run()
10 SYSTEMPATH\Boot.php(68): CodeIgniter\Boot::runCodeIgniter(Object(CodeIgniter\CodeIgniter))
11 FCPATH\index.php(59): CodeIgniter\Boot::bootWeb(Object(Config\Paths))
12 SYSTEMPATH\rewrite.php(44): require_once('C:\\xampp\\htdocs\\biodata-api\\public\\index.php')
CRITICAL - 2025-10-14 04:01:23 --> [Caused by] CodeIgniter\Database\Exceptions\DatabaseException: Duplicate entry 'baru@gmail.com' for key 'email'
in SYSTEMPATH\Database\MySQLi\Connection.php on line 332.
 1 SYSTEMPATH\Database\BaseConnection.php(729): CodeIgniter\Database\MySQLi\Connection->execute('INSERT INTO `biodata` (`nama`, `alamat`, `tempat_lahir`, `tanggal_lahir`, `jenis_kelamin`, `no_telp`, `email`) VALUES (\'tes\', \'tes@example.com\', \'malang\', \'08022008\', \'pria\', \'085817732186\', \'baru@gmail.com\')')
 2 SYSTEMPATH\Database\BaseConnection.php(646): CodeIgniter\Database\BaseConnection->simpleQuery('INSERT INTO `biodata` (`nama`, `alamat`, `tempat_lahir`, `tanggal_lahir`, `jenis_kelamin`, `no_telp`, `email`) VALUES (\'tes\', \'tes@example.com\', \'malang\', \'08022008\', \'pria\', \'085817732186\', \'baru@gmail.com\')')
 3 SYSTEMPATH\Database\BaseBuilder.php(2345): CodeIgniter\Database\BaseConnection->query('INSERT INTO `biodata` (`nama`, `alamat`, `tempat_lahir`, `tanggal_lahir`, `jenis_kelamin`, `no_telp`, `email`) VALUES (:nama:, :alamat:, :tempat_lahir:, :tanggal_lahir:, :jenis_kelamin:, :no_telp:, :email:)', [...], false)
 4 SYSTEMPATH\Model.php(394): CodeIgniter\Database\BaseBuilder->insert()
 5 SYSTEMPATH\BaseModel.php(838): CodeIgniter\Model->doInsert([...])
 6 SYSTEMPATH\Model.php(797): CodeIgniter\BaseModel->insert([...], true)
 7 APPPATH\Controllers\BiodataController.php(33): CodeIgniter\Model->insert([...])
 8 SYSTEMPATH\CodeIgniter.php(933): App\Controllers\BiodataController->create()
 9 SYSTEMPATH\CodeIgniter.php(507): CodeIgniter\CodeIgniter->runController(Object(App\Controllers\BiodataController))
10 SYSTEMPATH\CodeIgniter.php(354): CodeIgniter\CodeIgniter->handleRequest(null, Object(Config\Cache), false)
11 SYSTEMPATH\Boot.php(363): CodeIgniter\CodeIgniter->run()
12 SYSTEMPATH\Boot.php(68): CodeIgniter\Boot::runCodeIgniter(Object(CodeIgniter\CodeIgniter))
13 FCPATH\index.php(59): CodeIgniter\Boot::bootWeb(Object(Config\Paths))
14 SYSTEMPATH\rewrite.php(44): require_once('C:\\xampp\\htdocs\\biodata-api\\public\\index.php')
CRITICAL - 2025-10-14 04:01:23 --> [Caused by] mysqli_sql_exception: Duplicate entry 'baru@gmail.com' for key 'email'
in SYSTEMPATH\Database\MySQLi\Connection.php on line 327.
 1 SYSTEMPATH\Database\MySQLi\Connection.php(327): mysqli->query('INSERT INTO `biodata` (`nama`, `alamat`, `tempat_lahir`, `tanggal_lahir`, `jenis_kelamin`, `no_telp`, `email`) VALUES (\'tes\', \'tes@example.com\', \'malang\', \'08022008\', \'pria\', \'085817732186\', \'baru@gmail.com\')', 0)
 2 SYSTEMPATH\Database\BaseConnection.php(729): CodeIgniter\Database\MySQLi\Connection->execute('INSERT INTO `biodata` (`nama`, `alamat`, `tempat_lahir`, `tanggal_lahir`, `jenis_kelamin`, `no_telp`, `email`) VALUES (\'tes\', \'tes@example.com\', \'malang\', \'08022008\', \'pria\', \'085817732186\', \'baru@gmail.com\')')
 3 SYSTEMPATH\Database\BaseConnection.php(646): CodeIgniter\Database\BaseConnection->simpleQuery('INSERT INTO `biodata` (`nama`, `alamat`, `tempat_lahir`, `tanggal_lahir`, `jenis_kelamin`, `no_telp`, `email`) VALUES (\'tes\', \'tes@example.com\', \'malang\', \'08022008\', \'pria\', \'085817732186\', \'baru@gmail.com\')')
 4 SYSTEMPATH\Database\BaseBuilder.php(2345): CodeIgniter\Database\BaseConnection->query('INSERT INTO `biodata` (`nama`, `alamat`, `tempat_lahir`, `tanggal_lahir`, `jenis_kelamin`, `no_telp`, `email`) VALUES (:nama:, :alamat:, :tempat_lahir:, :tanggal_lahir:, :jenis_kelamin:, :no_telp:, :email:)', [...], false)
 5 SYSTEMPATH\Model.php(394): CodeIgniter\Database\BaseBuilder->insert()
 6 SYSTEMPATH\BaseModel.php(838): CodeIgniter\Model->doInsert([...])
 7 SYSTEMPATH\Model.php(797): CodeIgniter\BaseModel->insert([...], true)
 8 APPPATH\Controllers\BiodataController.php(33): CodeIgniter\Model->insert([...])
 9 SYSTEMPATH\CodeIgniter.php(933): App\Controllers\BiodataController->create()
10 SYSTEMPATH\CodeIgniter.php(507): CodeIgniter\CodeIgniter->runController(Object(App\Controllers\BiodataController))
11 SYSTEMPATH\CodeIgniter.php(354): CodeIgniter\CodeIgniter->handleRequest(null, Object(Config\Cache), false)
12 SYSTEMPATH\Boot.php(363): CodeIgniter\CodeIgniter->run()
13 SYSTEMPATH\Boot.php(68): CodeIgniter\Boot::runCodeIgniter(Object(CodeIgniter\CodeIgniter))
14 FCPATH\index.php(59): CodeIgniter\Boot::bootWeb(Object(Config\Paths))
15 SYSTEMPATH\rewrite.php(44): require_once('C:\\xampp\\htdocs\\biodata-api\\public\\index.php')
ERROR - 2025-10-14 04:01:28 --> mysqli_sql_exception: Duplicate entry 'baru@gmail.com' for key 'email' in C:\xampp\htdocs\biodata-api\system\Database\MySQLi\Connection.php:327
Stack trace:
#0 C:\xampp\htdocs\biodata-api\system\Database\MySQLi\Connection.php(327): mysqli->query('INSERT INTO `bi...', 0)
#1 C:\xampp\htdocs\biodata-api\system\Database\BaseConnection.php(729): CodeIgniter\Database\MySQLi\Connection->execute('INSERT INTO `bi...')
#2 C:\xampp\htdocs\biodata-api\system\Database\BaseConnection.php(646): CodeIgniter\Database\BaseConnection->simpleQuery('INSERT INTO `bi...')
#3 C:\xampp\htdocs\biodata-api\system\Database\BaseBuilder.php(2345): CodeIgniter\Database\BaseConnection->query('INSERT INTO `bi...', Array, false)
#4 C:\xampp\htdocs\biodata-api\system\Model.php(394): CodeIgniter\Database\BaseBuilder->insert()
#5 C:\xampp\htdocs\biodata-api\system\BaseModel.php(838): CodeIgniter\Model->doInsert(Array)
#6 C:\xampp\htdocs\biodata-api\system\Model.php(797): CodeIgniter\BaseModel->insert(Array, true)
#7 C:\xampp\htdocs\biodata-api\app\Controllers\BiodataController.php(33): CodeIgniter\Model->insert(Array)
#8 C:\xampp\htdocs\biodata-api\system\CodeIgniter.php(933): App\Controllers\BiodataController->create()
#9 C:\xampp\htdocs\biodata-api\system\CodeIgniter.php(507): CodeIgniter\CodeIgniter->runController(Object(App\Controllers\BiodataController))
#10 C:\xampp\htdocs\biodata-api\system\CodeIgniter.php(354): CodeIgniter\CodeIgniter->handleRequest(NULL, Object(Config\Cache), false)
#11 C:\xampp\htdocs\biodata-api\system\Boot.php(363): CodeIgniter\CodeIgniter->run()
#12 C:\xampp\htdocs\biodata-api\system\Boot.php(68): CodeIgniter\Boot::runCodeIgniter(Object(CodeIgniter\CodeIgniter))
#13 C:\xampp\htdocs\biodata-api\public\index.php(59): CodeIgniter\Boot::bootWeb(Object(Config\Paths))
#14 C:\xampp\htdocs\biodata-api\system\rewrite.php(44): require_once('C:\\xampp\\htdocs...')
#15 {main}
CRITICAL - 2025-10-14 04:01:28 --> CodeIgniter\Database\Exceptions\DatabaseException: Duplicate entry 'baru@gmail.com' for key 'email'
[Method: POST, Route: biodata]
in SYSTEMPATH\Database\BaseConnection.php on line 684.
 1 SYSTEMPATH\Database\BaseBuilder.php(2345): CodeIgniter\Database\BaseConnection->query('INSERT INTO `biodata` (`nama`, `alamat`, `tempat_lahir`, `tanggal_lahir`, `jenis_kelamin`, `no_telp`, `email`) VALUES (:nama:, :alamat:, :tempat_lahir:, :tanggal_lahir:, :jenis_kelamin:, :no_telp:, :email:)', [...], false)
 2 SYSTEMPATH\Model.php(394): CodeIgniter\Database\BaseBuilder->insert()
 3 SYSTEMPATH\BaseModel.php(838): CodeIgniter\Model->doInsert([...])
 4 SYSTEMPATH\Model.php(797): CodeIgniter\BaseModel->insert([...], true)
 5 APPPATH\Controllers\BiodataController.php(33): CodeIgniter\Model->insert([...])
 6 SYSTEMPATH\CodeIgniter.php(933): App\Controllers\BiodataController->create()
 7 SYSTEMPATH\CodeIgniter.php(507): CodeIgniter\CodeIgniter->runController(Object(App\Controllers\BiodataController))
 8 SYSTEMPATH\CodeIgniter.php(354): CodeIgniter\CodeIgniter->handleRequest(null, Object(Config\Cache), false)
 9 SYSTEMPATH\Boot.php(363): CodeIgniter\CodeIgniter->run()
10 SYSTEMPATH\Boot.php(68): CodeIgniter\Boot::runCodeIgniter(Object(CodeIgniter\CodeIgniter))
11 FCPATH\index.php(59): CodeIgniter\Boot::bootWeb(Object(Config\Paths))
12 SYSTEMPATH\rewrite.php(44): require_once('C:\\xampp\\htdocs\\biodata-api\\public\\index.php')
CRITICAL - 2025-10-14 04:01:28 --> [Caused by] CodeIgniter\Database\Exceptions\DatabaseException: Duplicate entry 'baru@gmail.com' for key 'email'
in SYSTEMPATH\Database\MySQLi\Connection.php on line 332.
 1 SYSTEMPATH\Database\BaseConnection.php(729): CodeIgniter\Database\MySQLi\Connection->execute('INSERT INTO `biodata` (`nama`, `alamat`, `tempat_lahir`, `tanggal_lahir`, `jenis_kelamin`, `no_telp`, `email`) VALUES (\'tes\', \'tes@example.com\', \'malang\', \'08022008\', \'pria\', \'085817732186\', \'baru@gmail.com\')')
 2 SYSTEMPATH\Database\BaseConnection.php(646): CodeIgniter\Database\BaseConnection->simpleQuery('INSERT INTO `biodata` (`nama`, `alamat`, `tempat_lahir`, `tanggal_lahir`, `jenis_kelamin`, `no_telp`, `email`) VALUES (\'tes\', \'tes@example.com\', \'malang\', \'08022008\', \'pria\', \'085817732186\', \'baru@gmail.com\')')
 3 SYSTEMPATH\Database\BaseBuilder.php(2345): CodeIgniter\Database\BaseConnection->query('INSERT INTO `biodata` (`nama`, `alamat`, `tempat_lahir`, `tanggal_lahir`, `jenis_kelamin`, `no_telp`, `email`) VALUES (:nama:, :alamat:, :tempat_lahir:, :tanggal_lahir:, :jenis_kelamin:, :no_telp:, :email:)', [...], false)
 4 SYSTEMPATH\Model.php(394): CodeIgniter\Database\BaseBuilder->insert()
 5 SYSTEMPATH\BaseModel.php(838): CodeIgniter\Model->doInsert([...])
 6 SYSTEMPATH\Model.php(797): CodeIgniter\BaseModel->insert([...], true)
 7 APPPATH\Controllers\BiodataController.php(33): CodeIgniter\Model->insert([...])
 8 SYSTEMPATH\CodeIgniter.php(933): App\Controllers\BiodataController->create()
 9 SYSTEMPATH\CodeIgniter.php(507): CodeIgniter\CodeIgniter->runController(Object(App\Controllers\BiodataController))
10 SYSTEMPATH\CodeIgniter.php(354): CodeIgniter\CodeIgniter->handleRequest(null, Object(Config\Cache), false)
11 SYSTEMPATH\Boot.php(363): CodeIgniter\CodeIgniter->run()
12 SYSTEMPATH\Boot.php(68): CodeIgniter\Boot::runCodeIgniter(Object(CodeIgniter\CodeIgniter))
13 FCPATH\index.php(59): CodeIgniter\Boot::bootWeb(Object(Config\Paths))
14 SYSTEMPATH\rewrite.php(44): require_once('C:\\xampp\\htdocs\\biodata-api\\public\\index.php')
CRITICAL - 2025-10-14 04:01:28 --> [Caused by] mysqli_sql_exception: Duplicate entry 'baru@gmail.com' for key 'email'
in SYSTEMPATH\Database\MySQLi\Connection.php on line 327.
 1 SYSTEMPATH\Database\MySQLi\Connection.php(327): mysqli->query('INSERT INTO `biodata` (`nama`, `alamat`, `tempat_lahir`, `tanggal_lahir`, `jenis_kelamin`, `no_telp`, `email`) VALUES (\'tes\', \'tes@example.com\', \'malang\', \'08022008\', \'pria\', \'085817732186\', \'baru@gmail.com\')', 0)
 2 SYSTEMPATH\Database\BaseConnection.php(729): CodeIgniter\Database\MySQLi\Connection->execute('INSERT INTO `biodata` (`nama`, `alamat`, `tempat_lahir`, `tanggal_lahir`, `jenis_kelamin`, `no_telp`, `email`) VALUES (\'tes\', \'tes@example.com\', \'malang\', \'08022008\', \'pria\', \'085817732186\', \'baru@gmail.com\')')
 3 SYSTEMPATH\Database\BaseConnection.php(646): CodeIgniter\Database\BaseConnection->simpleQuery('INSERT INTO `biodata` (`nama`, `alamat`, `tempat_lahir`, `tanggal_lahir`, `jenis_kelamin`, `no_telp`, `email`) VALUES (\'tes\', \'tes@example.com\', \'malang\', \'08022008\', \'pria\', \'085817732186\', \'baru@gmail.com\')')
 4 SYSTEMPATH\Database\BaseBuilder.php(2345): CodeIgniter\Database\BaseConnection->query('INSERT INTO `biodata` (`nama`, `alamat`, `tempat_lahir`, `tanggal_lahir`, `jenis_kelamin`, `no_telp`, `email`) VALUES (:nama:, :alamat:, :tempat_lahir:, :tanggal_lahir:, :jenis_kelamin:, :no_telp:, :email:)', [...], false)
 5 SYSTEMPATH\Model.php(394): CodeIgniter\Database\BaseBuilder->insert()
 6 SYSTEMPATH\BaseModel.php(838): CodeIgniter\Model->doInsert([...])
 7 SYSTEMPATH\Model.php(797): CodeIgniter\BaseModel->insert([...], true)
 8 APPPATH\Controllers\BiodataController.php(33): CodeIgniter\Model->insert([...])
 9 SYSTEMPATH\CodeIgniter.php(933): App\Controllers\BiodataController->create()
10 SYSTEMPATH\CodeIgniter.php(507): CodeIgniter\CodeIgniter->runController(Object(App\Controllers\BiodataController))
11 SYSTEMPATH\CodeIgniter.php(354): CodeIgniter\CodeIgniter->handleRequest(null, Object(Config\Cache), false)
12 SYSTEMPATH\Boot.php(363): CodeIgniter\CodeIgniter->run()
13 SYSTEMPATH\Boot.php(68): CodeIgniter\Boot::runCodeIgniter(Object(CodeIgniter\CodeIgniter))
14 FCPATH\index.php(59): CodeIgniter\Boot::bootWeb(Object(Config\Paths))
15 SYSTEMPATH\rewrite.php(44): require_once('C:\\xampp\\htdocs\\biodata-api\\public\\index.php')
ERROR - 2025-10-14 04:01:53 --> mysqli_sql_exception: Duplicate entry 'baru@gmail.com' for key 'email' in C:\xampp\htdocs\biodata-api\system\Database\MySQLi\Connection.php:327
Stack trace:
#0 C:\xampp\htdocs\biodata-api\system\Database\MySQLi\Connection.php(327): mysqli->query('INSERT INTO `bi...', 0)
#1 C:\xampp\htdocs\biodata-api\system\Database\BaseConnection.php(729): CodeIgniter\Database\MySQLi\Connection->execute('INSERT INTO `bi...')
#2 C:\xampp\htdocs\biodata-api\system\Database\BaseConnection.php(646): CodeIgniter\Database\BaseConnection->simpleQuery('INSERT INTO `bi...')
#3 C:\xampp\htdocs\biodata-api\system\Database\BaseBuilder.php(2345): CodeIgniter\Database\BaseConnection->query('INSERT INTO `bi...', Array, false)
#4 C:\xampp\htdocs\biodata-api\system\Model.php(394): CodeIgniter\Database\BaseBuilder->insert()
#5 C:\xampp\htdocs\biodata-api\system\BaseModel.php(838): CodeIgniter\Model->doInsert(Array)
#6 C:\xampp\htdocs\biodata-api\system\Model.php(797): CodeIgniter\BaseModel->insert(Array, true)
#7 C:\xampp\htdocs\biodata-api\app\Controllers\BiodataController.php(33): CodeIgniter\Model->insert(Array)
#8 C:\xampp\htdocs\biodata-api\system\CodeIgniter.php(933): App\Controllers\BiodataController->create()
#9 C:\xampp\htdocs\biodata-api\system\CodeIgniter.php(507): CodeIgniter\CodeIgniter->runController(Object(App\Controllers\BiodataController))
#10 C:\xampp\htdocs\biodata-api\system\CodeIgniter.php(354): CodeIgniter\CodeIgniter->handleRequest(NULL, Object(Config\Cache), false)
#11 C:\xampp\htdocs\biodata-api\system\Boot.php(363): CodeIgniter\CodeIgniter->run()
#12 C:\xampp\htdocs\biodata-api\system\Boot.php(68): CodeIgniter\Boot::runCodeIgniter(Object(CodeIgniter\CodeIgniter))
#13 C:\xampp\htdocs\biodata-api\public\index.php(59): CodeIgniter\Boot::bootWeb(Object(Config\Paths))
#14 C:\xampp\htdocs\biodata-api\system\rewrite.php(44): require_once('C:\\xampp\\htdocs...')
#15 {main}
CRITICAL - 2025-10-14 04:01:53 --> CodeIgniter\Database\Exceptions\DatabaseException: Duplicate entry 'baru@gmail.com' for key 'email'
[Method: POST, Route: biodata]
in SYSTEMPATH\Database\BaseConnection.php on line 684.
 1 SYSTEMPATH\Database\BaseBuilder.php(2345): CodeIgniter\Database\BaseConnection->query('INSERT INTO `biodata` (`nama`, `alamat`, `tempat_lahir`, `tanggal_lahir`, `jenis_kelamin`, `no_telp`, `email`) VALUES (:nama:, :alamat:, :tempat_lahir:, :tanggal_lahir:, :jenis_kelamin:, :no_telp:, :email:)', [...], false)
 2 SYSTEMPATH\Model.php(394): CodeIgniter\Database\BaseBuilder->insert()
 3 SYSTEMPATH\BaseModel.php(838): CodeIgniter\Model->doInsert([...])
 4 SYSTEMPATH\Model.php(797): CodeIgniter\BaseModel->insert([...], true)
 5 APPPATH\Controllers\BiodataController.php(33): CodeIgniter\Model->insert([...])
 6 SYSTEMPATH\CodeIgniter.php(933): App\Controllers\BiodataController->create()
 7 SYSTEMPATH\CodeIgniter.php(507): CodeIgniter\CodeIgniter->runController(Object(App\Controllers\BiodataController))
 8 SYSTEMPATH\CodeIgniter.php(354): CodeIgniter\CodeIgniter->handleRequest(null, Object(Config\Cache), false)
 9 SYSTEMPATH\Boot.php(363): CodeIgniter\CodeIgniter->run()
10 SYSTEMPATH\Boot.php(68): CodeIgniter\Boot::runCodeIgniter(Object(CodeIgniter\CodeIgniter))
11 FCPATH\index.php(59): CodeIgniter\Boot::bootWeb(Object(Config\Paths))
12 SYSTEMPATH\rewrite.php(44): require_once('C:\\xampp\\htdocs\\biodata-api\\public\\index.php')
CRITICAL - 2025-10-14 04:01:53 --> [Caused by] CodeIgniter\Database\Exceptions\DatabaseException: Duplicate entry 'baru@gmail.com' for key 'email'
in SYSTEMPATH\Database\MySQLi\Connection.php on line 332.
 1 SYSTEMPATH\Database\BaseConnection.php(729): CodeIgniter\Database\MySQLi\Connection->execute('INSERT INTO `biodata` (`nama`, `alamat`, `tempat_lahir`, `tanggal_lahir`, `jenis_kelamin`, `no_telp`, `email`) VALUES (\'tes\', \'tes@example.com\', \'Malang\', \'08022008\', \'pria\', \'085817732186\', \'baru@gmail.com\')')
 2 SYSTEMPATH\Database\BaseConnection.php(646): CodeIgniter\Database\BaseConnection->simpleQuery('INSERT INTO `biodata` (`nama`, `alamat`, `tempat_lahir`, `tanggal_lahir`, `jenis_kelamin`, `no_telp`, `email`) VALUES (\'tes\', \'tes@example.com\', \'Malang\', \'08022008\', \'pria\', \'085817732186\', \'baru@gmail.com\')')
 3 SYSTEMPATH\Database\BaseBuilder.php(2345): CodeIgniter\Database\BaseConnection->query('INSERT INTO `biodata` (`nama`, `alamat`, `tempat_lahir`, `tanggal_lahir`, `jenis_kelamin`, `no_telp`, `email`) VALUES (:nama:, :alamat:, :tempat_lahir:, :tanggal_lahir:, :jenis_kelamin:, :no_telp:, :email:)', [...], false)
 4 SYSTEMPATH\Model.php(394): CodeIgniter\Database\BaseBuilder->insert()
 5 SYSTEMPATH\BaseModel.php(838): CodeIgniter\Model->doInsert([...])
 6 SYSTEMPATH\Model.php(797): CodeIgniter\BaseModel->insert([...], true)
 7 APPPATH\Controllers\BiodataController.php(33): CodeIgniter\Model->insert([...])
 8 SYSTEMPATH\CodeIgniter.php(933): App\Controllers\BiodataController->create()
 9 SYSTEMPATH\CodeIgniter.php(507): CodeIgniter\CodeIgniter->runController(Object(App\Controllers\BiodataController))
10 SYSTEMPATH\CodeIgniter.php(354): CodeIgniter\CodeIgniter->handleRequest(null, Object(Config\Cache), false)
11 SYSTEMPATH\Boot.php(363): CodeIgniter\CodeIgniter->run()
12 SYSTEMPATH\Boot.php(68): CodeIgniter\Boot::runCodeIgniter(Object(CodeIgniter\CodeIgniter))
13 FCPATH\index.php(59): CodeIgniter\Boot::bootWeb(Object(Config\Paths))
14 SYSTEMPATH\rewrite.php(44): require_once('C:\\xampp\\htdocs\\biodata-api\\public\\index.php')
CRITICAL - 2025-10-14 04:01:53 --> [Caused by] mysqli_sql_exception: Duplicate entry 'baru@gmail.com' for key 'email'
in SYSTEMPATH\Database\MySQLi\Connection.php on line 327.
 1 SYSTEMPATH\Database\MySQLi\Connection.php(327): mysqli->query('INSERT INTO `biodata` (`nama`, `alamat`, `tempat_lahir`, `tanggal_lahir`, `jenis_kelamin`, `no_telp`, `email`) VALUES (\'tes\', \'tes@example.com\', \'Malang\', \'08022008\', \'pria\', \'085817732186\', \'baru@gmail.com\')', 0)
 2 SYSTEMPATH\Database\BaseConnection.php(729): CodeIgniter\Database\MySQLi\Connection->execute('INSERT INTO `biodata` (`nama`, `alamat`, `tempat_lahir`, `tanggal_lahir`, `jenis_kelamin`, `no_telp`, `email`) VALUES (\'tes\', \'tes@example.com\', \'Malang\', \'08022008\', \'pria\', \'085817732186\', \'baru@gmail.com\')')
 3 SYSTEMPATH\Database\BaseConnection.php(646): CodeIgniter\Database\BaseConnection->simpleQuery('INSERT INTO `biodata` (`nama`, `alamat`, `tempat_lahir`, `tanggal_lahir`, `jenis_kelamin`, `no_telp`, `email`) VALUES (\'tes\', \'tes@example.com\', \'Malang\', \'08022008\', \'pria\', \'085817732186\', \'baru@gmail.com\')')
 4 SYSTEMPATH\Database\BaseBuilder.php(2345): CodeIgniter\Database\BaseConnection->query('INSERT INTO `biodata` (`nama`, `alamat`, `tempat_lahir`, `tanggal_lahir`, `jenis_kelamin`, `no_telp`, `email`) VALUES (:nama:, :alamat:, :tempat_lahir:, :tanggal_lahir:, :jenis_kelamin:, :no_telp:, :email:)', [...], false)
 5 SYSTEMPATH\Model.php(394): CodeIgniter\Database\BaseBuilder->insert()
 6 SYSTEMPATH\BaseModel.php(838): CodeIgniter\Model->doInsert([...])
 7 SYSTEMPATH\Model.php(797): CodeIgniter\BaseModel->insert([...], true)
 8 APPPATH\Controllers\BiodataController.php(33): CodeIgniter\Model->insert([...])
 9 SYSTEMPATH\CodeIgniter.php(933): App\Controllers\BiodataController->create()
10 SYSTEMPATH\CodeIgniter.php(507): CodeIgniter\CodeIgniter->runController(Object(App\Controllers\BiodataController))
11 SYSTEMPATH\CodeIgniter.php(354): CodeIgniter\CodeIgniter->handleRequest(null, Object(Config\Cache), false)
12 SYSTEMPATH\Boot.php(363): CodeIgniter\CodeIgniter->run()
13 SYSTEMPATH\Boot.php(68): CodeIgniter\Boot::runCodeIgniter(Object(CodeIgniter\CodeIgniter))
14 FCPATH\index.php(59): CodeIgniter\Boot::bootWeb(Object(Config\Paths))
15 SYSTEMPATH\rewrite.php(44): require_once('C:\\xampp\\htdocs\\biodata-api\\public\\index.php')
ERROR - 2025-10-14 04:02:56 --> mysqli_sql_exception: Duplicate entry 'lama@gmail.com' for key 'email' in C:\xampp\htdocs\biodata-api\system\Database\MySQLi\Connection.php:327
Stack trace:
#0 C:\xampp\htdocs\biodata-api\system\Database\MySQLi\Connection.php(327): mysqli->query('INSERT INTO `bi...', 0)
#1 C:\xampp\htdocs\biodata-api\system\Database\BaseConnection.php(729): CodeIgniter\Database\MySQLi\Connection->execute('INSERT INTO `bi...')
#2 C:\xampp\htdocs\biodata-api\system\Database\BaseConnection.php(646): CodeIgniter\Database\BaseConnection->simpleQuery('INSERT INTO `bi...')
#3 C:\xampp\htdocs\biodata-api\system\Database\BaseBuilder.php(2345): CodeIgniter\Database\BaseConnection->query('INSERT INTO `bi...', Array, false)
#4 C:\xampp\htdocs\biodata-api\system\Model.php(394): CodeIgniter\Database\BaseBuilder->insert()
#5 C:\xampp\htdocs\biodata-api\system\BaseModel.php(838): CodeIgniter\Model->doInsert(Array)
#6 C:\xampp\htdocs\biodata-api\system\Model.php(797): CodeIgniter\BaseModel->insert(Array, true)
#7 C:\xampp\htdocs\biodata-api\app\Controllers\BiodataController.php(33): CodeIgniter\Model->insert(Array)
#8 C:\xampp\htdocs\biodata-api\system\CodeIgniter.php(933): App\Controllers\BiodataController->create()
#9 C:\xampp\htdocs\biodata-api\system\CodeIgniter.php(507): CodeIgniter\CodeIgniter->runController(Object(App\Controllers\BiodataController))
#10 C:\xampp\htdocs\biodata-api\system\CodeIgniter.php(354): CodeIgniter\CodeIgniter->handleRequest(NULL, Object(Config\Cache), false)
#11 C:\xampp\htdocs\biodata-api\system\Boot.php(363): CodeIgniter\CodeIgniter->run()
#12 C:\xampp\htdocs\biodata-api\system\Boot.php(68): CodeIgniter\Boot::runCodeIgniter(Object(CodeIgniter\CodeIgniter))
#13 C:\xampp\htdocs\biodata-api\public\index.php(59): CodeIgniter\Boot::bootWeb(Object(Config\Paths))
#14 C:\xampp\htdocs\biodata-api\system\rewrite.php(44): require_once('C:\\xampp\\htdocs...')
#15 {main}
CRITICAL - 2025-10-14 04:02:56 --> CodeIgniter\Database\Exceptions\DatabaseException: Duplicate entry 'lama@gmail.com' for key 'email'
[Method: POST, Route: biodata]
in SYSTEMPATH\Database\BaseConnection.php on line 684.
 1 SYSTEMPATH\Database\BaseBuilder.php(2345): CodeIgniter\Database\BaseConnection->query('INSERT INTO `biodata` (`nama`, `alamat`, `tempat_lahir`, `tanggal_lahir`, `jenis_kelamin`, `no_telp`, `email`) VALUES (:nama:, :alamat:, :tempat_lahir:, :tanggal_lahir:, :jenis_kelamin:, :no_telp:, :email:)', [...], false)
 2 SYSTEMPATH\Model.php(394): CodeIgniter\Database\BaseBuilder->insert()
 3 SYSTEMPATH\BaseModel.php(838): CodeIgniter\Model->doInsert([...])
 4 SYSTEMPATH\Model.php(797): CodeIgniter\BaseModel->insert([...], true)
 5 APPPATH\Controllers\BiodataController.php(33): CodeIgniter\Model->insert([...])
 6 SYSTEMPATH\CodeIgniter.php(933): App\Controllers\BiodataController->create()
 7 SYSTEMPATH\CodeIgniter.php(507): CodeIgniter\CodeIgniter->runController(Object(App\Controllers\BiodataController))
 8 SYSTEMPATH\CodeIgniter.php(354): CodeIgniter\CodeIgniter->handleRequest(null, Object(Config\Cache), false)
 9 SYSTEMPATH\Boot.php(363): CodeIgniter\CodeIgniter->run()
10 SYSTEMPATH\Boot.php(68): CodeIgniter\Boot::runCodeIgniter(Object(CodeIgniter\CodeIgniter))
11 FCPATH\index.php(59): CodeIgniter\Boot::bootWeb(Object(Config\Paths))
12 SYSTEMPATH\rewrite.php(44): require_once('C:\\xampp\\htdocs\\biodata-api\\public\\index.php')
CRITICAL - 2025-10-14 04:02:56 --> [Caused by] CodeIgniter\Database\Exceptions\DatabaseException: Duplicate entry 'lama@gmail.com' for key 'email'
in SYSTEMPATH\Database\MySQLi\Connection.php on line 332.
 1 SYSTEMPATH\Database\BaseConnection.php(729): CodeIgniter\Database\MySQLi\Connection->execute('INSERT INTO `biodata` (`nama`, `alamat`, `tempat_lahir`, `tanggal_lahir`, `jenis_kelamin`, `no_telp`, `email`) VALUES (\'tes\', \'tes@example.com\', \'lama\', \'020908\', \'lelaki\', \'085817732186\', \'lama@gmail.com\')')
 2 SYSTEMPATH\Database\BaseConnection.php(646): CodeIgniter\Database\BaseConnection->simpleQuery('INSERT INTO `biodata` (`nama`, `alamat`, `tempat_lahir`, `tanggal_lahir`, `jenis_kelamin`, `no_telp`, `email`) VALUES (\'tes\', \'tes@example.com\', \'lama\', \'020908\', \'lelaki\', \'085817732186\', \'lama@gmail.com\')')
 3 SYSTEMPATH\Database\BaseBuilder.php(2345): CodeIgniter\Database\BaseConnection->query('INSERT INTO `biodata` (`nama`, `alamat`, `tempat_lahir`, `tanggal_lahir`, `jenis_kelamin`, `no_telp`, `email`) VALUES (:nama:, :alamat:, :tempat_lahir:, :tanggal_lahir:, :jenis_kelamin:, :no_telp:, :email:)', [...], false)
 4 SYSTEMPATH\Model.php(394): CodeIgniter\Database\BaseBuilder->insert()
 5 SYSTEMPATH\BaseModel.php(838): CodeIgniter\Model->doInsert([...])
 6 SYSTEMPATH\Model.php(797): CodeIgniter\BaseModel->insert([...], true)
 7 APPPATH\Controllers\BiodataController.php(33): CodeIgniter\Model->insert([...])
 8 SYSTEMPATH\CodeIgniter.php(933): App\Controllers\BiodataController->create()
 9 SYSTEMPATH\CodeIgniter.php(507): CodeIgniter\CodeIgniter->runController(Object(App\Controllers\BiodataController))
10 SYSTEMPATH\CodeIgniter.php(354): CodeIgniter\CodeIgniter->handleRequest(null, Object(Config\Cache), false)
11 SYSTEMPATH\Boot.php(363): CodeIgniter\CodeIgniter->run()
12 SYSTEMPATH\Boot.php(68): CodeIgniter\Boot::runCodeIgniter(Object(CodeIgniter\CodeIgniter))
13 FCPATH\index.php(59): CodeIgniter\Boot::bootWeb(Object(Config\Paths))
14 SYSTEMPATH\rewrite.php(44): require_once('C:\\xampp\\htdocs\\biodata-api\\public\\index.php')
CRITICAL - 2025-10-14 04:02:56 --> [Caused by] mysqli_sql_exception: Duplicate entry 'lama@gmail.com' for key 'email'
in SYSTEMPATH\Database\MySQLi\Connection.php on line 327.
 1 SYSTEMPATH\Database\MySQLi\Connection.php(327): mysqli->query('INSERT INTO `biodata` (`nama`, `alamat`, `tempat_lahir`, `tanggal_lahir`, `jenis_kelamin`, `no_telp`, `email`) VALUES (\'tes\', \'tes@example.com\', \'lama\', \'020908\', \'lelaki\', \'085817732186\', \'lama@gmail.com\')', 0)
 2 SYSTEMPATH\Database\BaseConnection.php(729): CodeIgniter\Database\MySQLi\Connection->execute('INSERT INTO `biodata` (`nama`, `alamat`, `tempat_lahir`, `tanggal_lahir`, `jenis_kelamin`, `no_telp`, `email`) VALUES (\'tes\', \'tes@example.com\', \'lama\', \'020908\', \'lelaki\', \'085817732186\', \'lama@gmail.com\')')
 3 SYSTEMPATH\Database\BaseConnection.php(646): CodeIgniter\Database\BaseConnection->simpleQuery('INSERT INTO `biodata` (`nama`, `alamat`, `tempat_lahir`, `tanggal_lahir`, `jenis_kelamin`, `no_telp`, `email`) VALUES (\'tes\', \'tes@example.com\', \'lama\', \'020908\', \'lelaki\', \'085817732186\', \'lama@gmail.com\')')
 4 SYSTEMPATH\Database\BaseBuilder.php(2345): CodeIgniter\Database\BaseConnection->query('INSERT INTO `biodata` (`nama`, `alamat`, `tempat_lahir`, `tanggal_lahir`, `jenis_kelamin`, `no_telp`, `email`) VALUES (:nama:, :alamat:, :tempat_lahir:, :tanggal_lahir:, :jenis_kelamin:, :no_telp:, :email:)', [...], false)
 5 SYSTEMPATH\Model.php(394): CodeIgniter\Database\BaseBuilder->insert()
 6 SYSTEMPATH\BaseModel.php(838): CodeIgniter\Model->doInsert([...])
 7 SYSTEMPATH\Model.php(797): CodeIgniter\BaseModel->insert([...], true)
 8 APPPATH\Controllers\BiodataController.php(33): CodeIgniter\Model->insert([...])
 9 SYSTEMPATH\CodeIgniter.php(933): App\Controllers\BiodataController->create()
10 SYSTEMPATH\CodeIgniter.php(507): CodeIgniter\CodeIgniter->runController(Object(App\Controllers\BiodataController))
11 SYSTEMPATH\CodeIgniter.php(354): CodeIgniter\CodeIgniter->handleRequest(null, Object(Config\Cache), false)
12 SYSTEMPATH\Boot.php(363): CodeIgniter\CodeIgniter->run()
13 SYSTEMPATH\Boot.php(68): CodeIgniter\Boot::runCodeIgniter(Object(CodeIgniter\CodeIgniter))
14 FCPATH\index.php(59): CodeIgniter\Boot::bootWeb(Object(Config\Paths))
15 SYSTEMPATH\rewrite.php(44): require_once('C:\\xampp\\htdocs\\biodata-api\\public\\index.php')
ERROR - 2025-10-14 04:03:09 --> mysqli_sql_exception: Duplicate entry 'lama@gmail.com' for key 'email' in C:\xampp\htdocs\biodata-api\system\Database\MySQLi\Connection.php:327
Stack trace:
#0 C:\xampp\htdocs\biodata-api\system\Database\MySQLi\Connection.php(327): mysqli->query('INSERT INTO `bi...', 0)
#1 C:\xampp\htdocs\biodata-api\system\Database\BaseConnection.php(729): CodeIgniter\Database\MySQLi\Connection->execute('INSERT INTO `bi...')
#2 C:\xampp\htdocs\biodata-api\system\Database\BaseConnection.php(646): CodeIgniter\Database\BaseConnection->simpleQuery('INSERT INTO `bi...')
#3 C:\xampp\htdocs\biodata-api\system\Database\BaseBuilder.php(2345): CodeIgniter\Database\BaseConnection->query('INSERT INTO `bi...', Array, false)
#4 C:\xampp\htdocs\biodata-api\system\Model.php(394): CodeIgniter\Database\BaseBuilder->insert()
#5 C:\xampp\htdocs\biodata-api\system\BaseModel.php(838): CodeIgniter\Model->doInsert(Array)
#6 C:\xampp\htdocs\biodata-api\system\Model.php(797): CodeIgniter\BaseModel->insert(Array, true)
#7 C:\xampp\htdocs\biodata-api\app\Controllers\BiodataController.php(33): CodeIgniter\Model->insert(Array)
#8 C:\xampp\htdocs\biodata-api\system\CodeIgniter.php(933): App\Controllers\BiodataController->create()
#9 C:\xampp\htdocs\biodata-api\system\CodeIgniter.php(507): CodeIgniter\CodeIgniter->runController(Object(App\Controllers\BiodataController))
#10 C:\xampp\htdocs\biodata-api\system\CodeIgniter.php(354): CodeIgniter\CodeIgniter->handleRequest(NULL, Object(Config\Cache), false)
#11 C:\xampp\htdocs\biodata-api\system\Boot.php(363): CodeIgniter\CodeIgniter->run()
#12 C:\xampp\htdocs\biodata-api\system\Boot.php(68): CodeIgniter\Boot::runCodeIgniter(Object(CodeIgniter\CodeIgniter))
#13 C:\xampp\htdocs\biodata-api\public\index.php(59): CodeIgniter\Boot::bootWeb(Object(Config\Paths))
#14 C:\xampp\htdocs\biodata-api\system\rewrite.php(44): require_once('C:\\xampp\\htdocs...')
#15 {main}
CRITICAL - 2025-10-14 04:03:09 --> CodeIgniter\Database\Exceptions\DatabaseException: Duplicate entry 'lama@gmail.com' for key 'email'
[Method: POST, Route: biodata]
in SYSTEMPATH\Database\BaseConnection.php on line 684.
 1 SYSTEMPATH\Database\BaseBuilder.php(2345): CodeIgniter\Database\BaseConnection->query('INSERT INTO `biodata` (`nama`, `alamat`, `tempat_lahir`, `tanggal_lahir`, `jenis_kelamin`, `no_telp`, `email`) VALUES (:nama:, :alamat:, :tempat_lahir:, :tanggal_lahir:, :jenis_kelamin:, :no_telp:, :email:)', [...], false)
 2 SYSTEMPATH\Model.php(394): CodeIgniter\Database\BaseBuilder->insert()
 3 SYSTEMPATH\BaseModel.php(838): CodeIgniter\Model->doInsert([...])
 4 SYSTEMPATH\Model.php(797): CodeIgniter\BaseModel->insert([...], true)
 5 APPPATH\Controllers\BiodataController.php(33): CodeIgniter\Model->insert([...])
 6 SYSTEMPATH\CodeIgniter.php(933): App\Controllers\BiodataController->create()
 7 SYSTEMPATH\CodeIgniter.php(507): CodeIgniter\CodeIgniter->runController(Object(App\Controllers\BiodataController))
 8 SYSTEMPATH\CodeIgniter.php(354): CodeIgniter\CodeIgniter->handleRequest(null, Object(Config\Cache), false)
 9 SYSTEMPATH\Boot.php(363): CodeIgniter\CodeIgniter->run()
10 SYSTEMPATH\Boot.php(68): CodeIgniter\Boot::runCodeIgniter(Object(CodeIgniter\CodeIgniter))
11 FCPATH\index.php(59): CodeIgniter\Boot::bootWeb(Object(Config\Paths))
12 SYSTEMPATH\rewrite.php(44): require_once('C:\\xampp\\htdocs\\biodata-api\\public\\index.php')
CRITICAL - 2025-10-14 04:03:09 --> [Caused by] CodeIgniter\Database\Exceptions\DatabaseException: Duplicate entry 'lama@gmail.com' for key 'email'
in SYSTEMPATH\Database\MySQLi\Connection.php on line 332.
 1 SYSTEMPATH\Database\BaseConnection.php(729): CodeIgniter\Database\MySQLi\Connection->execute('INSERT INTO `biodata` (`nama`, `alamat`, `tempat_lahir`, `tanggal_lahir`, `jenis_kelamin`, `no_telp`, `email`) VALUES (\'tes\', \'tes@example.com\', \'lama\', \'020908\', \'lelaki\', \'085817732186\', \'lama@gmail.com\')')
 2 SYSTEMPATH\Database\BaseConnection.php(646): CodeIgniter\Database\BaseConnection->simpleQuery('INSERT INTO `biodata` (`nama`, `alamat`, `tempat_lahir`, `tanggal_lahir`, `jenis_kelamin`, `no_telp`, `email`) VALUES (\'tes\', \'tes@example.com\', \'lama\', \'020908\', \'lelaki\', \'085817732186\', \'lama@gmail.com\')')
 3 SYSTEMPATH\Database\BaseBuilder.php(2345): CodeIgniter\Database\BaseConnection->query('INSERT INTO `biodata` (`nama`, `alamat`, `tempat_lahir`, `tanggal_lahir`, `jenis_kelamin`, `no_telp`, `email`) VALUES (:nama:, :alamat:, :tempat_lahir:, :tanggal_lahir:, :jenis_kelamin:, :no_telp:, :email:)', [...], false)
 4 SYSTEMPATH\Model.php(394): CodeIgniter\Database\BaseBuilder->insert()
 5 SYSTEMPATH\BaseModel.php(838): CodeIgniter\Model->doInsert([...])
 6 SYSTEMPATH\Model.php(797): CodeIgniter\BaseModel->insert([...], true)
 7 APPPATH\Controllers\BiodataController.php(33): CodeIgniter\Model->insert([...])
 8 SYSTEMPATH\CodeIgniter.php(933): App\Controllers\BiodataController->create()
 9 SYSTEMPATH\CodeIgniter.php(507): CodeIgniter\CodeIgniter->runController(Object(App\Controllers\BiodataController))
10 SYSTEMPATH\CodeIgniter.php(354): CodeIgniter\CodeIgniter->handleRequest(null, Object(Config\Cache), false)
11 SYSTEMPATH\Boot.php(363): CodeIgniter\CodeIgniter->run()
12 SYSTEMPATH\Boot.php(68): CodeIgniter\Boot::runCodeIgniter(Object(CodeIgniter\CodeIgniter))
13 FCPATH\index.php(59): CodeIgniter\Boot::bootWeb(Object(Config\Paths))
14 SYSTEMPATH\rewrite.php(44): require_once('C:\\xampp\\htdocs\\biodata-api\\public\\index.php')
CRITICAL - 2025-10-14 04:03:09 --> [Caused by] mysqli_sql_exception: Duplicate entry 'lama@gmail.com' for key 'email'
in SYSTEMPATH\Database\MySQLi\Connection.php on line 327.
 1 SYSTEMPATH\Database\MySQLi\Connection.php(327): mysqli->query('INSERT INTO `biodata` (`nama`, `alamat`, `tempat_lahir`, `tanggal_lahir`, `jenis_kelamin`, `no_telp`, `email`) VALUES (\'tes\', \'tes@example.com\', \'lama\', \'020908\', \'lelaki\', \'085817732186\', \'lama@gmail.com\')', 0)
 2 SYSTEMPATH\Database\BaseConnection.php(729): CodeIgniter\Database\MySQLi\Connection->execute('INSERT INTO `biodata` (`nama`, `alamat`, `tempat_lahir`, `tanggal_lahir`, `jenis_kelamin`, `no_telp`, `email`) VALUES (\'tes\', \'tes@example.com\', \'lama\', \'020908\', \'lelaki\', \'085817732186\', \'lama@gmail.com\')')
 3 SYSTEMPATH\Database\BaseConnection.php(646): CodeIgniter\Database\BaseConnection->simpleQuery('INSERT INTO `biodata` (`nama`, `alamat`, `tempat_lahir`, `tanggal_lahir`, `jenis_kelamin`, `no_telp`, `email`) VALUES (\'tes\', \'tes@example.com\', \'lama\', \'020908\', \'lelaki\', \'085817732186\', \'lama@gmail.com\')')
 4 SYSTEMPATH\Database\BaseBuilder.php(2345): CodeIgniter\Database\BaseConnection->query('INSERT INTO `biodata` (`nama`, `alamat`, `tempat_lahir`, `tanggal_lahir`, `jenis_kelamin`, `no_telp`, `email`) VALUES (:nama:, :alamat:, :tempat_lahir:, :tanggal_lahir:, :jenis_kelamin:, :no_telp:, :email:)', [...], false)
 5 SYSTEMPATH\Model.php(394): CodeIgniter\Database\BaseBuilder->insert()
 6 SYSTEMPATH\BaseModel.php(838): CodeIgniter\Model->doInsert([...])
 7 SYSTEMPATH\Model.php(797): CodeIgniter\BaseModel->insert([...], true)
 8 APPPATH\Controllers\BiodataController.php(33): CodeIgniter\Model->insert([...])
 9 SYSTEMPATH\CodeIgniter.php(933): App\Controllers\BiodataController->create()
10 SYSTEMPATH\CodeIgniter.php(507): CodeIgniter\CodeIgniter->runController(Object(App\Controllers\BiodataController))
11 SYSTEMPATH\CodeIgniter.php(354): CodeIgniter\CodeIgniter->handleRequest(null, Object(Config\Cache), false)
12 SYSTEMPATH\Boot.php(363): CodeIgniter\CodeIgniter->run()
13 SYSTEMPATH\Boot.php(68): CodeIgniter\Boot::runCodeIgniter(Object(CodeIgniter\CodeIgniter))
14 FCPATH\index.php(59): CodeIgniter\Boot::bootWeb(Object(Config\Paths))
15 SYSTEMPATH\rewrite.php(44): require_once('C:\\xampp\\htdocs\\biodata-api\\public\\index.php')
ERROR - 2025-10-14 04:09:37 --> mysqli_sql_exception: Duplicate entry 'koa@gmail.com' for key 'email' in C:\xampp\htdocs\biodata-api\system\Database\MySQLi\Connection.php:327
Stack trace:
#0 C:\xampp\htdocs\biodata-api\system\Database\MySQLi\Connection.php(327): mysqli->query('INSERT INTO `bi...', 0)
#1 C:\xampp\htdocs\biodata-api\system\Database\BaseConnection.php(729): CodeIgniter\Database\MySQLi\Connection->execute('INSERT INTO `bi...')
#2 C:\xampp\htdocs\biodata-api\system\Database\BaseConnection.php(646): CodeIgniter\Database\BaseConnection->simpleQuery('INSERT INTO `bi...')
#3 C:\xampp\htdocs\biodata-api\system\Database\BaseBuilder.php(2345): CodeIgniter\Database\BaseConnection->query('INSERT INTO `bi...', Array, false)
#4 C:\xampp\htdocs\biodata-api\system\Model.php(394): CodeIgniter\Database\BaseBuilder->insert()
#5 C:\xampp\htdocs\biodata-api\system\BaseModel.php(838): CodeIgniter\Model->doInsert(Array)
#6 C:\xampp\htdocs\biodata-api\system\Model.php(797): CodeIgniter\BaseModel->insert(Array, true)
#7 C:\xampp\htdocs\biodata-api\app\Controllers\BiodataController.php(33): CodeIgniter\Model->insert(Array)
#8 C:\xampp\htdocs\biodata-api\system\CodeIgniter.php(933): App\Controllers\BiodataController->create()
#9 C:\xampp\htdocs\biodata-api\system\CodeIgniter.php(507): CodeIgniter\CodeIgniter->runController(Object(App\Controllers\BiodataController))
#10 C:\xampp\htdocs\biodata-api\system\CodeIgniter.php(354): CodeIgniter\CodeIgniter->handleRequest(NULL, Object(Config\Cache), false)
#11 C:\xampp\htdocs\biodata-api\system\Boot.php(363): CodeIgniter\CodeIgniter->run()
#12 C:\xampp\htdocs\biodata-api\system\Boot.php(68): CodeIgniter\Boot::runCodeIgniter(Object(CodeIgniter\CodeIgniter))
#13 C:\xampp\htdocs\biodata-api\public\index.php(59): CodeIgniter\Boot::bootWeb(Object(Config\Paths))
#14 C:\xampp\htdocs\biodata-api\system\rewrite.php(44): require_once('C:\\xampp\\htdocs...')
#15 {main}
CRITICAL - 2025-10-14 04:09:37 --> CodeIgniter\Database\Exceptions\DatabaseException: Duplicate entry 'koa@gmail.com' for key 'email'
[Method: POST, Route: biodata]
in SYSTEMPATH\Database\BaseConnection.php on line 684.
 1 SYSTEMPATH\Database\BaseBuilder.php(2345): CodeIgniter\Database\BaseConnection->query('INSERT INTO `biodata` (`nama`, `alamat`, `tempat_lahir`, `tanggal_lahir`, `jenis_kelamin`, `no_telp`, `email`) VALUES (:nama:, :alamat:, :tempat_lahir:, :tanggal_lahir:, :jenis_kelamin:, :no_telp:, :email:)', [...], false)
 2 SYSTEMPATH\Model.php(394): CodeIgniter\Database\BaseBuilder->insert()
 3 SYSTEMPATH\BaseModel.php(838): CodeIgniter\Model->doInsert([...])
 4 SYSTEMPATH\Model.php(797): CodeIgniter\BaseModel->insert([...], true)
 5 APPPATH\Controllers\BiodataController.php(33): CodeIgniter\Model->insert([...])
 6 SYSTEMPATH\CodeIgniter.php(933): App\Controllers\BiodataController->create()
 7 SYSTEMPATH\CodeIgniter.php(507): CodeIgniter\CodeIgniter->runController(Object(App\Controllers\BiodataController))
 8 SYSTEMPATH\CodeIgniter.php(354): CodeIgniter\CodeIgniter->handleRequest(null, Object(Config\Cache), false)
 9 SYSTEMPATH\Boot.php(363): CodeIgniter\CodeIgniter->run()
10 SYSTEMPATH\Boot.php(68): CodeIgniter\Boot::runCodeIgniter(Object(CodeIgniter\CodeIgniter))
11 FCPATH\index.php(59): CodeIgniter\Boot::bootWeb(Object(Config\Paths))
12 SYSTEMPATH\rewrite.php(44): require_once('C:\\xampp\\htdocs\\biodata-api\\public\\index.php')
CRITICAL - 2025-10-14 04:09:37 --> [Caused by] CodeIgniter\Database\Exceptions\DatabaseException: Duplicate entry 'koa@gmail.com' for key 'email'
in SYSTEMPATH\Database\MySQLi\Connection.php on line 332.
 1 SYSTEMPATH\Database\BaseConnection.php(729): CodeIgniter\Database\MySQLi\Connection->execute('INSERT INTO `biodata` (`nama`, `alamat`, `tempat_lahir`, `tanggal_lahir`, `jenis_kelamin`, `no_telp`, `email`) VALUES (\'tes\', \'tes@example.com\', \'lama\', \'020908\', \'lelaki\', \'085817732186\', \'koa@gmail.com\')')
 2 SYSTEMPATH\Database\BaseConnection.php(646): CodeIgniter\Database\BaseConnection->simpleQuery('INSERT INTO `biodata` (`nama`, `alamat`, `tempat_lahir`, `tanggal_lahir`, `jenis_kelamin`, `no_telp`, `email`) VALUES (\'tes\', \'tes@example.com\', \'lama\', \'020908\', \'lelaki\', \'085817732186\', \'koa@gmail.com\')')
 3 SYSTEMPATH\Database\BaseBuilder.php(2345): CodeIgniter\Database\BaseConnection->query('INSERT INTO `biodata` (`nama`, `alamat`, `tempat_lahir`, `tanggal_lahir`, `jenis_kelamin`, `no_telp`, `email`) VALUES (:nama:, :alamat:, :tempat_lahir:, :tanggal_lahir:, :jenis_kelamin:, :no_telp:, :email:)', [...], false)
 4 SYSTEMPATH\Model.php(394): CodeIgniter\Database\BaseBuilder->insert()
 5 SYSTEMPATH\BaseModel.php(838): CodeIgniter\Model->doInsert([...])
 6 SYSTEMPATH\Model.php(797): CodeIgniter\BaseModel->insert([...], true)
 7 APPPATH\Controllers\BiodataController.php(33): CodeIgniter\Model->insert([...])
 8 SYSTEMPATH\CodeIgniter.php(933): App\Controllers\BiodataController->create()
 9 SYSTEMPATH\CodeIgniter.php(507): CodeIgniter\CodeIgniter->runController(Object(App\Controllers\BiodataController))
10 SYSTEMPATH\CodeIgniter.php(354): CodeIgniter\CodeIgniter->handleRequest(null, Object(Config\Cache), false)
11 SYSTEMPATH\Boot.php(363): CodeIgniter\CodeIgniter->run()
12 SYSTEMPATH\Boot.php(68): CodeIgniter\Boot::runCodeIgniter(Object(CodeIgniter\CodeIgniter))
13 FCPATH\index.php(59): CodeIgniter\Boot::bootWeb(Object(Config\Paths))
14 SYSTEMPATH\rewrite.php(44): require_once('C:\\xampp\\htdocs\\biodata-api\\public\\index.php')
CRITICAL - 2025-10-14 04:09:37 --> [Caused by] mysqli_sql_exception: Duplicate entry 'koa@gmail.com' for key 'email'
in SYSTEMPATH\Database\MySQLi\Connection.php on line 327.
 1 SYSTEMPATH\Database\MySQLi\Connection.php(327): mysqli->query('INSERT INTO `biodata` (`nama`, `alamat`, `tempat_lahir`, `tanggal_lahir`, `jenis_kelamin`, `no_telp`, `email`) VALUES (\'tes\', \'tes@example.com\', \'lama\', \'020908\', \'lelaki\', \'085817732186\', \'koa@gmail.com\')', 0)
 2 SYSTEMPATH\Database\BaseConnection.php(729): CodeIgniter\Database\MySQLi\Connection->execute('INSERT INTO `biodata` (`nama`, `alamat`, `tempat_lahir`, `tanggal_lahir`, `jenis_kelamin`, `no_telp`, `email`) VALUES (\'tes\', \'tes@example.com\', \'lama\', \'020908\', \'lelaki\', \'085817732186\', \'koa@gmail.com\')')
 3 SYSTEMPATH\Database\BaseConnection.php(646): CodeIgniter\Database\BaseConnection->simpleQuery('INSERT INTO `biodata` (`nama`, `alamat`, `tempat_lahir`, `tanggal_lahir`, `jenis_kelamin`, `no_telp`, `email`) VALUES (\'tes\', \'tes@example.com\', \'lama\', \'020908\', \'lelaki\', \'085817732186\', \'koa@gmail.com\')')
 4 SYSTEMPATH\Database\BaseBuilder.php(2345): CodeIgniter\Database\BaseConnection->query('INSERT INTO `biodata` (`nama`, `alamat`, `tempat_lahir`, `tanggal_lahir`, `jenis_kelamin`, `no_telp`, `email`) VALUES (:nama:, :alamat:, :tempat_lahir:, :tanggal_lahir:, :jenis_kelamin:, :no_telp:, :email:)', [...], false)
 5 SYSTEMPATH\Model.php(394): CodeIgniter\Database\BaseBuilder->insert()
 6 SYSTEMPATH\BaseModel.php(838): CodeIgniter\Model->doInsert([...])
 7 SYSTEMPATH\Model.php(797): CodeIgniter\BaseModel->insert([...], true)
 8 APPPATH\Controllers\BiodataController.php(33): CodeIgniter\Model->insert([...])
 9 SYSTEMPATH\CodeIgniter.php(933): App\Controllers\BiodataController->create()
10 SYSTEMPATH\CodeIgniter.php(507): CodeIgniter\CodeIgniter->runController(Object(App\Controllers\BiodataController))
11 SYSTEMPATH\CodeIgniter.php(354): CodeIgniter\CodeIgniter->handleRequest(null, Object(Config\Cache), false)
12 SYSTEMPATH\Boot.php(363): CodeIgniter\CodeIgniter->run()
13 SYSTEMPATH\Boot.php(68): CodeIgniter\Boot::runCodeIgniter(Object(CodeIgniter\CodeIgniter))
14 FCPATH\index.php(59): CodeIgniter\Boot::bootWeb(Object(Config\Paths))
15 SYSTEMPATH\rewrite.php(44): require_once('C:\\xampp\\htdocs\\biodata-api\\public\\index.php')
ERROR - 2025-10-14 04:09:53 --> mysqli_sql_exception: Duplicate entry 'koa@gmail.com' for key 'email' in C:\xampp\htdocs\biodata-api\system\Database\MySQLi\Connection.php:327
Stack trace:
#0 C:\xampp\htdocs\biodata-api\system\Database\MySQLi\Connection.php(327): mysqli->query('INSERT INTO `bi...', 0)
#1 C:\xampp\htdocs\biodata-api\system\Database\BaseConnection.php(729): CodeIgniter\Database\MySQLi\Connection->execute('INSERT INTO `bi...')
#2 C:\xampp\htdocs\biodata-api\system\Database\BaseConnection.php(646): CodeIgniter\Database\BaseConnection->simpleQuery('INSERT INTO `bi...')
#3 C:\xampp\htdocs\biodata-api\system\Database\BaseBuilder.php(2345): CodeIgniter\Database\BaseConnection->query('INSERT INTO `bi...', Array, false)
#4 C:\xampp\htdocs\biodata-api\system\Model.php(394): CodeIgniter\Database\BaseBuilder->insert()
#5 C:\xampp\htdocs\biodata-api\system\BaseModel.php(838): CodeIgniter\Model->doInsert(Array)
#6 C:\xampp\htdocs\biodata-api\system\Model.php(797): CodeIgniter\BaseModel->insert(Array, true)
#7 C:\xampp\htdocs\biodata-api\app\Controllers\BiodataController.php(33): CodeIgniter\Model->insert(Array)
#8 C:\xampp\htdocs\biodata-api\system\CodeIgniter.php(933): App\Controllers\BiodataController->create()
#9 C:\xampp\htdocs\biodata-api\system\CodeIgniter.php(507): CodeIgniter\CodeIgniter->runController(Object(App\Controllers\BiodataController))
#10 C:\xampp\htdocs\biodata-api\system\CodeIgniter.php(354): CodeIgniter\CodeIgniter->handleRequest(NULL, Object(Config\Cache), false)
#11 C:\xampp\htdocs\biodata-api\system\Boot.php(363): CodeIgniter\CodeIgniter->run()
#12 C:\xampp\htdocs\biodata-api\system\Boot.php(68): CodeIgniter\Boot::runCodeIgniter(Object(CodeIgniter\CodeIgniter))
#13 C:\xampp\htdocs\biodata-api\public\index.php(59): CodeIgniter\Boot::bootWeb(Object(Config\Paths))
#14 C:\xampp\htdocs\biodata-api\system\rewrite.php(44): require_once('C:\\xampp\\htdocs...')
#15 {main}
CRITICAL - 2025-10-14 04:09:53 --> CodeIgniter\Database\Exceptions\DatabaseException: Duplicate entry 'koa@gmail.com' for key 'email'
[Method: POST, Route: biodata]
in SYSTEMPATH\Database\BaseConnection.php on line 684.
 1 SYSTEMPATH\Database\BaseBuilder.php(2345): CodeIgniter\Database\BaseConnection->query('INSERT INTO `biodata` (`nama`, `alamat`, `tempat_lahir`, `tanggal_lahir`, `jenis_kelamin`, `no_telp`, `email`) VALUES (:nama:, :alamat:, :tempat_lahir:, :tanggal_lahir:, :jenis_kelamin:, :no_telp:, :email:)', [...], false)
 2 SYSTEMPATH\Model.php(394): CodeIgniter\Database\BaseBuilder->insert()
 3 SYSTEMPATH\BaseModel.php(838): CodeIgniter\Model->doInsert([...])
 4 SYSTEMPATH\Model.php(797): CodeIgniter\BaseModel->insert([...], true)
 5 APPPATH\Controllers\BiodataController.php(33): CodeIgniter\Model->insert([...])
 6 SYSTEMPATH\CodeIgniter.php(933): App\Controllers\BiodataController->create()
 7 SYSTEMPATH\CodeIgniter.php(507): CodeIgniter\CodeIgniter->runController(Object(App\Controllers\BiodataController))
 8 SYSTEMPATH\CodeIgniter.php(354): CodeIgniter\CodeIgniter->handleRequest(null, Object(Config\Cache), false)
 9 SYSTEMPATH\Boot.php(363): CodeIgniter\CodeIgniter->run()
10 SYSTEMPATH\Boot.php(68): CodeIgniter\Boot::runCodeIgniter(Object(CodeIgniter\CodeIgniter))
11 FCPATH\index.php(59): CodeIgniter\Boot::bootWeb(Object(Config\Paths))
12 SYSTEMPATH\rewrite.php(44): require_once('C:\\xampp\\htdocs\\biodata-api\\public\\index.php')
CRITICAL - 2025-10-14 04:09:53 --> [Caused by] CodeIgniter\Database\Exceptions\DatabaseException: Duplicate entry 'koa@gmail.com' for key 'email'
in SYSTEMPATH\Database\MySQLi\Connection.php on line 332.
 1 SYSTEMPATH\Database\BaseConnection.php(729): CodeIgniter\Database\MySQLi\Connection->execute('INSERT INTO `biodata` (`nama`, `alamat`, `tempat_lahir`, `tanggal_lahir`, `jenis_kelamin`, `no_telp`, `email`) VALUES (\'tess\', \'tes@example.com\', \'lama\', \'020908\', \'lelaki\', \'085817732186\', \'koa@gmail.com\')')
 2 SYSTEMPATH\Database\BaseConnection.php(646): CodeIgniter\Database\BaseConnection->simpleQuery('INSERT INTO `biodata` (`nama`, `alamat`, `tempat_lahir`, `tanggal_lahir`, `jenis_kelamin`, `no_telp`, `email`) VALUES (\'tess\', \'tes@example.com\', \'lama\', \'020908\', \'lelaki\', \'085817732186\', \'koa@gmail.com\')')
 3 SYSTEMPATH\Database\BaseBuilder.php(2345): CodeIgniter\Database\BaseConnection->query('INSERT INTO `biodata` (`nama`, `alamat`, `tempat_lahir`, `tanggal_lahir`, `jenis_kelamin`, `no_telp`, `email`) VALUES (:nama:, :alamat:, :tempat_lahir:, :tanggal_lahir:, :jenis_kelamin:, :no_telp:, :email:)', [...], false)
 4 SYSTEMPATH\Model.php(394): CodeIgniter\Database\BaseBuilder->insert()
 5 SYSTEMPATH\BaseModel.php(838): CodeIgniter\Model->doInsert([...])
 6 SYSTEMPATH\Model.php(797): CodeIgniter\BaseModel->insert([...], true)
 7 APPPATH\Controllers\BiodataController.php(33): CodeIgniter\Model->insert([...])
 8 SYSTEMPATH\CodeIgniter.php(933): App\Controllers\BiodataController->create()
 9 SYSTEMPATH\CodeIgniter.php(507): CodeIgniter\CodeIgniter->runController(Object(App\Controllers\BiodataController))
10 SYSTEMPATH\CodeIgniter.php(354): CodeIgniter\CodeIgniter->handleRequest(null, Object(Config\Cache), false)
11 SYSTEMPATH\Boot.php(363): CodeIgniter\CodeIgniter->run()
12 SYSTEMPATH\Boot.php(68): CodeIgniter\Boot::runCodeIgniter(Object(CodeIgniter\CodeIgniter))
13 FCPATH\index.php(59): CodeIgniter\Boot::bootWeb(Object(Config\Paths))
14 SYSTEMPATH\rewrite.php(44): require_once('C:\\xampp\\htdocs\\biodata-api\\public\\index.php')
CRITICAL - 2025-10-14 04:09:53 --> [Caused by] mysqli_sql_exception: Duplicate entry 'koa@gmail.com' for key 'email'
in SYSTEMPATH\Database\MySQLi\Connection.php on line 327.
 1 SYSTEMPATH\Database\MySQLi\Connection.php(327): mysqli->query('INSERT INTO `biodata` (`nama`, `alamat`, `tempat_lahir`, `tanggal_lahir`, `jenis_kelamin`, `no_telp`, `email`) VALUES (\'tess\', \'tes@example.com\', \'lama\', \'020908\', \'lelaki\', \'085817732186\', \'koa@gmail.com\')', 0)
 2 SYSTEMPATH\Database\BaseConnection.php(729): CodeIgniter\Database\MySQLi\Connection->execute('INSERT INTO `biodata` (`nama`, `alamat`, `tempat_lahir`, `tanggal_lahir`, `jenis_kelamin`, `no_telp`, `email`) VALUES (\'tess\', \'tes@example.com\', \'lama\', \'020908\', \'lelaki\', \'085817732186\', \'koa@gmail.com\')')
 3 SYSTEMPATH\Database\BaseConnection.php(646): CodeIgniter\Database\BaseConnection->simpleQuery('INSERT INTO `biodata` (`nama`, `alamat`, `tempat_lahir`, `tanggal_lahir`, `jenis_kelamin`, `no_telp`, `email`) VALUES (\'tess\', \'tes@example.com\', \'lama\', \'020908\', \'lelaki\', \'085817732186\', \'koa@gmail.com\')')
 4 SYSTEMPATH\Database\BaseBuilder.php(2345): CodeIgniter\Database\BaseConnection->query('INSERT INTO `biodata` (`nama`, `alamat`, `tempat_lahir`, `tanggal_lahir`, `jenis_kelamin`, `no_telp`, `email`) VALUES (:nama:, :alamat:, :tempat_lahir:, :tanggal_lahir:, :jenis_kelamin:, :no_telp:, :email:)', [...], false)
 5 SYSTEMPATH\Model.php(394): CodeIgniter\Database\BaseBuilder->insert()
 6 SYSTEMPATH\BaseModel.php(838): CodeIgniter\Model->doInsert([...])
 7 SYSTEMPATH\Model.php(797): CodeIgniter\BaseModel->insert([...], true)
 8 APPPATH\Controllers\BiodataController.php(33): CodeIgniter\Model->insert([...])
 9 SYSTEMPATH\CodeIgniter.php(933): App\Controllers\BiodataController->create()
10 SYSTEMPATH\CodeIgniter.php(507): CodeIgniter\CodeIgniter->runController(Object(App\Controllers\BiodataController))
11 SYSTEMPATH\CodeIgniter.php(354): CodeIgniter\CodeIgniter->handleRequest(null, Object(Config\Cache), false)
12 SYSTEMPATH\Boot.php(363): CodeIgniter\CodeIgniter->run()
13 SYSTEMPATH\Boot.php(68): CodeIgniter\Boot::runCodeIgniter(Object(CodeIgniter\CodeIgniter))
14 FCPATH\index.php(59): CodeIgniter\Boot::bootWeb(Object(Config\Paths))
15 SYSTEMPATH\rewrite.php(44): require_once('C:\\xampp\\htdocs\\biodata-api\\public\\index.php')
ERROR - 2025-10-14 04:10:07 --> mysqli_sql_exception: Duplicate entry 'koa@gmail.com' for key 'email' in C:\xampp\htdocs\biodata-api\system\Database\MySQLi\Connection.php:327
Stack trace:
#0 C:\xampp\htdocs\biodata-api\system\Database\MySQLi\Connection.php(327): mysqli->query('INSERT INTO `bi...', 0)
#1 C:\xampp\htdocs\biodata-api\system\Database\BaseConnection.php(729): CodeIgniter\Database\MySQLi\Connection->execute('INSERT INTO `bi...')
#2 C:\xampp\htdocs\biodata-api\system\Database\BaseConnection.php(646): CodeIgniter\Database\BaseConnection->simpleQuery('INSERT INTO `bi...')
#3 C:\xampp\htdocs\biodata-api\system\Database\BaseBuilder.php(2345): CodeIgniter\Database\BaseConnection->query('INSERT INTO `bi...', Array, false)
#4 C:\xampp\htdocs\biodata-api\system\Model.php(394): CodeIgniter\Database\BaseBuilder->insert()
#5 C:\xampp\htdocs\biodata-api\system\BaseModel.php(838): CodeIgniter\Model->doInsert(Array)
#6 C:\xampp\htdocs\biodata-api\system\Model.php(797): CodeIgniter\BaseModel->insert(Array, true)
#7 C:\xampp\htdocs\biodata-api\app\Controllers\BiodataController.php(33): CodeIgniter\Model->insert(Array)
#8 C:\xampp\htdocs\biodata-api\system\CodeIgniter.php(933): App\Controllers\BiodataController->create()
#9 C:\xampp\htdocs\biodata-api\system\CodeIgniter.php(507): CodeIgniter\CodeIgniter->runController(Object(App\Controllers\BiodataController))
#10 C:\xampp\htdocs\biodata-api\system\CodeIgniter.php(354): CodeIgniter\CodeIgniter->handleRequest(NULL, Object(Config\Cache), false)
#11 C:\xampp\htdocs\biodata-api\system\Boot.php(363): CodeIgniter\CodeIgniter->run()
#12 C:\xampp\htdocs\biodata-api\system\Boot.php(68): CodeIgniter\Boot::runCodeIgniter(Object(CodeIgniter\CodeIgniter))
#13 C:\xampp\htdocs\biodata-api\public\index.php(59): CodeIgniter\Boot::bootWeb(Object(Config\Paths))
#14 C:\xampp\htdocs\biodata-api\system\rewrite.php(44): require_once('C:\\xampp\\htdocs...')
#15 {main}
CRITICAL - 2025-10-14 04:10:07 --> CodeIgniter\Database\Exceptions\DatabaseException: Duplicate entry 'koa@gmail.com' for key 'email'
[Method: POST, Route: biodata]
in SYSTEMPATH\Database\BaseConnection.php on line 684.
 1 SYSTEMPATH\Database\BaseBuilder.php(2345): CodeIgniter\Database\BaseConnection->query('INSERT INTO `biodata` (`nama`, `alamat`, `tempat_lahir`, `tanggal_lahir`, `jenis_kelamin`, `no_telp`, `email`) VALUES (:nama:, :alamat:, :tempat_lahir:, :tanggal_lahir:, :jenis_kelamin:, :no_telp:, :email:)', [...], false)
 2 SYSTEMPATH\Model.php(394): CodeIgniter\Database\BaseBuilder->insert()
 3 SYSTEMPATH\BaseModel.php(838): CodeIgniter\Model->doInsert([...])
 4 SYSTEMPATH\Model.php(797): CodeIgniter\BaseModel->insert([...], true)
 5 APPPATH\Controllers\BiodataController.php(33): CodeIgniter\Model->insert([...])
 6 SYSTEMPATH\CodeIgniter.php(933): App\Controllers\BiodataController->create()
 7 SYSTEMPATH\CodeIgniter.php(507): CodeIgniter\CodeIgniter->runController(Object(App\Controllers\BiodataController))
 8 SYSTEMPATH\CodeIgniter.php(354): CodeIgniter\CodeIgniter->handleRequest(null, Object(Config\Cache), false)
 9 SYSTEMPATH\Boot.php(363): CodeIgniter\CodeIgniter->run()
10 SYSTEMPATH\Boot.php(68): CodeIgniter\Boot::runCodeIgniter(Object(CodeIgniter\CodeIgniter))
11 FCPATH\index.php(59): CodeIgniter\Boot::bootWeb(Object(Config\Paths))
12 SYSTEMPATH\rewrite.php(44): require_once('C:\\xampp\\htdocs\\biodata-api\\public\\index.php')
CRITICAL - 2025-10-14 04:10:07 --> [Caused by] CodeIgniter\Database\Exceptions\DatabaseException: Duplicate entry 'koa@gmail.com' for key 'email'
in SYSTEMPATH\Database\MySQLi\Connection.php on line 332.
 1 SYSTEMPATH\Database\BaseConnection.php(729): CodeIgniter\Database\MySQLi\Connection->execute('INSERT INTO `biodata` (`nama`, `alamat`, `tempat_lahir`, `tanggal_lahir`, `jenis_kelamin`, `no_telp`, `email`) VALUES (\'tess\', \'tess@example.com\', \'lama\', \'020908\', \'lelaki\', \'085817732186\', \'koa@gmail.com\')')
 2 SYSTEMPATH\Database\BaseConnection.php(646): CodeIgniter\Database\BaseConnection->simpleQuery('INSERT INTO `biodata` (`nama`, `alamat`, `tempat_lahir`, `tanggal_lahir`, `jenis_kelamin`, `no_telp`, `email`) VALUES (\'tess\', \'tess@example.com\', \'lama\', \'020908\', \'lelaki\', \'085817732186\', \'koa@gmail.com\')')
 3 SYSTEMPATH\Database\BaseBuilder.php(2345): CodeIgniter\Database\BaseConnection->query('INSERT INTO `biodata` (`nama`, `alamat`, `tempat_lahir`, `tanggal_lahir`, `jenis_kelamin`, `no_telp`, `email`) VALUES (:nama:, :alamat:, :tempat_lahir:, :tanggal_lahir:, :jenis_kelamin:, :no_telp:, :email:)', [...], false)
 4 SYSTEMPATH\Model.php(394): CodeIgniter\Database\BaseBuilder->insert()
 5 SYSTEMPATH\BaseModel.php(838): CodeIgniter\Model->doInsert([...])
 6 SYSTEMPATH\Model.php(797): CodeIgniter\BaseModel->insert([...], true)
 7 APPPATH\Controllers\BiodataController.php(33): CodeIgniter\Model->insert([...])
 8 SYSTEMPATH\CodeIgniter.php(933): App\Controllers\BiodataController->create()
 9 SYSTEMPATH\CodeIgniter.php(507): CodeIgniter\CodeIgniter->runController(Object(App\Controllers\BiodataController))
10 SYSTEMPATH\CodeIgniter.php(354): CodeIgniter\CodeIgniter->handleRequest(null, Object(Config\Cache), false)
11 SYSTEMPATH\Boot.php(363): CodeIgniter\CodeIgniter->run()
12 SYSTEMPATH\Boot.php(68): CodeIgniter\Boot::runCodeIgniter(Object(CodeIgniter\CodeIgniter))
13 FCPATH\index.php(59): CodeIgniter\Boot::bootWeb(Object(Config\Paths))
14 SYSTEMPATH\rewrite.php(44): require_once('C:\\xampp\\htdocs\\biodata-api\\public\\index.php')
CRITICAL - 2025-10-14 04:10:07 --> [Caused by] mysqli_sql_exception: Duplicate entry 'koa@gmail.com' for key 'email'
in SYSTEMPATH\Database\MySQLi\Connection.php on line 327.
 1 SYSTEMPATH\Database\MySQLi\Connection.php(327): mysqli->query('INSERT INTO `biodata` (`nama`, `alamat`, `tempat_lahir`, `tanggal_lahir`, `jenis_kelamin`, `no_telp`, `email`) VALUES (\'tess\', \'tess@example.com\', \'lama\', \'020908\', \'lelaki\', \'085817732186\', \'koa@gmail.com\')', 0)
 2 SYSTEMPATH\Database\BaseConnection.php(729): CodeIgniter\Database\MySQLi\Connection->execute('INSERT INTO `biodata` (`nama`, `alamat`, `tempat_lahir`, `tanggal_lahir`, `jenis_kelamin`, `no_telp`, `email`) VALUES (\'tess\', \'tess@example.com\', \'lama\', \'020908\', \'lelaki\', \'085817732186\', \'koa@gmail.com\')')
 3 SYSTEMPATH\Database\BaseConnection.php(646): CodeIgniter\Database\BaseConnection->simpleQuery('INSERT INTO `biodata` (`nama`, `alamat`, `tempat_lahir`, `tanggal_lahir`, `jenis_kelamin`, `no_telp`, `email`) VALUES (\'tess\', \'tess@example.com\', \'lama\', \'020908\', \'lelaki\', \'085817732186\', \'koa@gmail.com\')')
 4 SYSTEMPATH\Database\BaseBuilder.php(2345): CodeIgniter\Database\BaseConnection->query('INSERT INTO `biodata` (`nama`, `alamat`, `tempat_lahir`, `tanggal_lahir`, `jenis_kelamin`, `no_telp`, `email`) VALUES (:nama:, :alamat:, :tempat_lahir:, :tanggal_lahir:, :jenis_kelamin:, :no_telp:, :email:)', [...], false)
 5 SYSTEMPATH\Model.php(394): CodeIgniter\Database\BaseBuilder->insert()
 6 SYSTEMPATH\BaseModel.php(838): CodeIgniter\Model->doInsert([...])
 7 SYSTEMPATH\Model.php(797): CodeIgniter\BaseModel->insert([...], true)
 8 APPPATH\Controllers\BiodataController.php(33): CodeIgniter\Model->insert([...])
 9 SYSTEMPATH\CodeIgniter.php(933): App\Controllers\BiodataController->create()
10 SYSTEMPATH\CodeIgniter.php(507): CodeIgniter\CodeIgniter->runController(Object(App\Controllers\BiodataController))
11 SYSTEMPATH\CodeIgniter.php(354): CodeIgniter\CodeIgniter->handleRequest(null, Object(Config\Cache), false)
12 SYSTEMPATH\Boot.php(363): CodeIgniter\CodeIgniter->run()
13 SYSTEMPATH\Boot.php(68): CodeIgniter\Boot::runCodeIgniter(Object(CodeIgniter\CodeIgniter))
14 FCPATH\index.php(59): CodeIgniter\Boot::bootWeb(Object(Config\Paths))
15 SYSTEMPATH\rewrite.php(44): require_once('C:\\xampp\\htdocs\\biodata-api\\public\\index.php')
