CRITICAL - 2025-10-16 04:05:38 --> ErrorException: Undefined variable $json
[Method: POST, Route: biodata]
in APPPATH\Controllers\BiodataController.php on line 23.
 1 APPPATH\Controllers\BiodataController.php(23): CodeIgniter\Debug\Exceptions->errorHandler(2, 'Undefined variable $json', 'C:\\xampp\\htdocs\\biodata-api\\app\\Controllers\\BiodataController.php', 23)
 2 SYSTEMPATH\CodeIgniter.php(933): App\Controllers\BiodataController->create()
 3 SYSTEMPATH\CodeIgniter.php(507): CodeIgniter\CodeIgniter->runController(Object(App\Controllers\BiodataController))
 4 SYSTEMPATH\CodeIgniter.php(354): CodeIgniter\CodeIgniter->handleRequest(null, Object(Config\Cache), false)
 5 SYSTEMPATH\Boot.php(363): CodeIgniter\CodeIgniter->run()
 6 SYSTEMPATH\Boot.php(68): CodeIgniter\Boot::runCodeIgniter(Object(CodeIgniter\CodeIgniter))
 7 FCPATH\index.php(59): CodeIgniter\Boot::bootWeb(Object(Config\Paths))
CRITICAL - 2025-10-16 04:16:47 --> ErrorException: Undefined variable $json
[Method: POST, Route: biodata]
in APPPATH\Controllers\BiodataController.php on line 23.
 1 APPPATH\Controllers\BiodataController.php(23): CodeIgniter\Debug\Exceptions->errorHandler(2, 'Undefined variable $json', 'C:\\xampp\\htdocs\\biodata-api\\app\\Controllers\\BiodataController.php', 23)
 2 SYSTEMPATH\CodeIgniter.php(933): App\Controllers\BiodataController->create()
 3 SYSTEMPATH\CodeIgniter.php(507): CodeIgniter\CodeIgniter->runController(Object(App\Controllers\BiodataController))
 4 SYSTEMPATH\CodeIgniter.php(354): CodeIgniter\CodeIgniter->handleRequest(null, Object(Config\Cache), false)
 5 SYSTEMPATH\Boot.php(363): CodeIgniter\CodeIgniter->run()
 6 SYSTEMPATH\Boot.php(68): CodeIgniter\Boot::runCodeIgniter(Object(CodeIgniter\CodeIgniter))
 7 FCPATH\index.php(59): CodeIgniter\Boot::bootWeb(Object(Config\Paths))
CRITICAL - 2025-10-16 04:23:14 --> ErrorException: Undefined variable $json
[Method: POST, Route: biodata]
in APPPATH\Controllers\BiodataController.php on line 23.
 1 APPPATH\Controllers\BiodataController.php(23): CodeIgniter\Debug\Exceptions->errorHandler(2, 'Undefined variable $json', 'C:\\xampp\\htdocs\\biodata-api\\app\\Controllers\\BiodataController.php', 23)
 2 SYSTEMPATH\CodeIgniter.php(933): App\Controllers\BiodataController->create()
 3 SYSTEMPATH\CodeIgniter.php(507): CodeIgniter\CodeIgniter->runController(Object(App\Controllers\BiodataController))
 4 SYSTEMPATH\CodeIgniter.php(354): CodeIgniter\CodeIgniter->handleRequest(null, Object(Config\Cache), false)
 5 SYSTEMPATH\Boot.php(363): CodeIgniter\CodeIgniter->run()
 6 SYSTEMPATH\Boot.php(68): CodeIgniter\Boot::runCodeIgniter(Object(CodeIgniter\CodeIgniter))
 7 FCPATH\index.php(59): CodeIgniter\Boot::bootWeb(Object(Config\Paths))
CRITICAL - 2025-10-16 04:25:26 --> ErrorException: Undefined variable $json
[Method: POST, Route: biodata]
in APPPATH\Controllers\BiodataController.php on line 23.
 1 APPPATH\Controllers\BiodataController.php(23): CodeIgniter\Debug\Exceptions->errorHandler(2, 'Undefined variable $json', 'C:\\xampp\\htdocs\\biodata-api\\app\\Controllers\\BiodataController.php', 23)
 2 SYSTEMPATH\CodeIgniter.php(933): App\Controllers\BiodataController->create()
 3 SYSTEMPATH\CodeIgniter.php(507): CodeIgniter\CodeIgniter->runController(Object(App\Controllers\BiodataController))
 4 SYSTEMPATH\CodeIgniter.php(354): CodeIgniter\CodeIgniter->handleRequest(null, Object(Config\Cache), false)
 5 SYSTEMPATH\Boot.php(363): CodeIgniter\CodeIgniter->run()
 6 SYSTEMPATH\Boot.php(68): CodeIgniter\Boot::runCodeIgniter(Object(CodeIgniter\CodeIgniter))
 7 FCPATH\index.php(59): CodeIgniter\Boot::bootWeb(Object(Config\Paths))
ERROR - 2025-10-16 04:32:36 --> mysqli_sql_exception: Column 'tempat_lahir' cannot be null in C:\xampp\htdocs\biodata-api\system\Database\MySQLi\Connection.php:327
Stack trace:
#0 C:\xampp\htdocs\biodata-api\system\Database\MySQLi\Connection.php(327): mysqli->query('INSERT INTO `bi...', 0)
#1 C:\xampp\htdocs\biodata-api\system\Database\BaseConnection.php(729): CodeIgniter\Database\MySQLi\Connection->execute('INSERT INTO `bi...')
#2 C:\xampp\htdocs\biodata-api\system\Database\BaseConnection.php(646): CodeIgniter\Database\BaseConnection->simpleQuery('INSERT INTO `bi...')
#3 C:\xampp\htdocs\biodata-api\system\Database\BaseBuilder.php(2345): CodeIgniter\Database\BaseConnection->query('INSERT INTO `bi...', Array, false)
#4 C:\xampp\htdocs\biodata-api\system\Model.php(394): CodeIgniter\Database\BaseBuilder->insert()
#5 C:\xampp\htdocs\biodata-api\system\BaseModel.php(838): CodeIgniter\Model->doInsert(Array)
#6 C:\xampp\htdocs\biodata-api\system\Model.php(797): CodeIgniter\BaseModel->insert(Array, true)
#7 C:\xampp\htdocs\biodata-api\app\Controllers\BiodataController.php(33): CodeIgniter\Model->insert(Array)
#8 C:\xampp\htdocs\biodata-api\system\CodeIgniter.php(933): App\Controllers\BiodataController->create()
#9 C:\xampp\htdocs\biodata-api\system\CodeIgniter.php(507): CodeIgniter\CodeIgniter->runController(Object(App\Controllers\BiodataController))
#10 C:\xampp\htdocs\biodata-api\system\CodeIgniter.php(354): CodeIgniter\CodeIgniter->handleRequest(NULL, Object(Config\Cache), false)
#11 C:\xampp\htdocs\biodata-api\system\Boot.php(363): CodeIgniter\CodeIgniter->run()
#12 C:\xampp\htdocs\biodata-api\system\Boot.php(68): CodeIgniter\Boot::runCodeIgniter(Object(CodeIgniter\CodeIgniter))
#13 C:\xampp\htdocs\biodata-api\public\index.php(59): CodeIgniter\Boot::bootWeb(Object(Config\Paths))
#14 {main}
CRITICAL - 2025-10-16 04:32:36 --> CodeIgniter\Database\Exceptions\DatabaseException: Column 'tempat_lahir' cannot be null
[Method: POST, Route: biodata]
in SYSTEMPATH\Database\BaseConnection.php on line 684.
 1 SYSTEMPATH\Database\BaseBuilder.php(2345): CodeIgniter\Database\BaseConnection->query('INSERT INTO `biodata` (`nama`, `alamat`, `tempat_lahir`, `tanggal_lahir`, `jenis_kelamin`, `no_telp`, `email`) VALUES (:nama:, :alamat:, :tempat_lahir:, :tanggal_lahir:, :jenis_kelamin:, :no_telp:, :email:)', [...], false)
 2 SYSTEMPATH\Model.php(394): CodeIgniter\Database\BaseBuilder->insert()
 3 SYSTEMPATH\BaseModel.php(838): CodeIgniter\Model->doInsert([...])
 4 SYSTEMPATH\Model.php(797): CodeIgniter\BaseModel->insert([...], true)
 5 APPPATH\Controllers\BiodataController.php(33): CodeIgniter\Model->insert([...])
 6 SYSTEMPATH\CodeIgniter.php(933): App\Controllers\BiodataController->create()
 7 SYSTEMPATH\CodeIgniter.php(507): CodeIgniter\CodeIgniter->runController(Object(App\Controllers\BiodataController))
 8 SYSTEMPATH\CodeIgniter.php(354): CodeIgniter\CodeIgniter->handleRequest(null, Object(Config\Cache), false)
 9 SYSTEMPATH\Boot.php(363): CodeIgniter\CodeIgniter->run()
10 SYSTEMPATH\Boot.php(68): CodeIgniter\Boot::runCodeIgniter(Object(CodeIgniter\CodeIgniter))
11 FCPATH\index.php(59): CodeIgniter\Boot::bootWeb(Object(Config\Paths))
CRITICAL - 2025-10-16 04:32:36 --> [Caused by] CodeIgniter\Database\Exceptions\DatabaseException: Column 'tempat_lahir' cannot be null
in SYSTEMPATH\Database\MySQLi\Connection.php on line 332.
 1 SYSTEMPATH\Database\BaseConnection.php(729): CodeIgniter\Database\MySQLi\Connection->execute('INSERT INTO `biodata` (`nama`, `alamat`, `tempat_lahir`, `tanggal_lahir`, `jenis_kelamin`, `no_telp`, `email`) VALUES (\'qwerty\', \'qwerty\', NULL, NULL, \'Perempuan\', \'123456\', \'dio@dio.com\')')
 2 SYSTEMPATH\Database\BaseConnection.php(646): CodeIgniter\Database\BaseConnection->simpleQuery('INSERT INTO `biodata` (`nama`, `alamat`, `tempat_lahir`, `tanggal_lahir`, `jenis_kelamin`, `no_telp`, `email`) VALUES (\'qwerty\', \'qwerty\', NULL, NULL, \'Perempuan\', \'123456\', \'dio@dio.com\')')
 3 SYSTEMPATH\Database\BaseBuilder.php(2345): CodeIgniter\Database\BaseConnection->query('INSERT INTO `biodata` (`nama`, `alamat`, `tempat_lahir`, `tanggal_lahir`, `jenis_kelamin`, `no_telp`, `email`) VALUES (:nama:, :alamat:, :tempat_lahir:, :tanggal_lahir:, :jenis_kelamin:, :no_telp:, :email:)', [...], false)
 4 SYSTEMPATH\Model.php(394): CodeIgniter\Database\BaseBuilder->insert()
 5 SYSTEMPATH\BaseModel.php(838): CodeIgniter\Model->doInsert([...])
 6 SYSTEMPATH\Model.php(797): CodeIgniter\BaseModel->insert([...], true)
 7 APPPATH\Controllers\BiodataController.php(33): CodeIgniter\Model->insert([...])
 8 SYSTEMPATH\CodeIgniter.php(933): App\Controllers\BiodataController->create()
 9 SYSTEMPATH\CodeIgniter.php(507): CodeIgniter\CodeIgniter->runController(Object(App\Controllers\BiodataController))
10 SYSTEMPATH\CodeIgniter.php(354): CodeIgniter\CodeIgniter->handleRequest(null, Object(Config\Cache), false)
11 SYSTEMPATH\Boot.php(363): CodeIgniter\CodeIgniter->run()
12 SYSTEMPATH\Boot.php(68): CodeIgniter\Boot::runCodeIgniter(Object(CodeIgniter\CodeIgniter))
13 FCPATH\index.php(59): CodeIgniter\Boot::bootWeb(Object(Config\Paths))
CRITICAL - 2025-10-16 04:32:36 --> [Caused by] mysqli_sql_exception: Column 'tempat_lahir' cannot be null
in SYSTEMPATH\Database\MySQLi\Connection.php on line 327.
 1 SYSTEMPATH\Database\MySQLi\Connection.php(327): mysqli->query('INSERT INTO `biodata` (`nama`, `alamat`, `tempat_lahir`, `tanggal_lahir`, `jenis_kelamin`, `no_telp`, `email`) VALUES (\'qwerty\', \'qwerty\', NULL, NULL, \'Perempuan\', \'123456\', \'dio@dio.com\')', 0)
 2 SYSTEMPATH\Database\BaseConnection.php(729): CodeIgniter\Database\MySQLi\Connection->execute('INSERT INTO `biodata` (`nama`, `alamat`, `tempat_lahir`, `tanggal_lahir`, `jenis_kelamin`, `no_telp`, `email`) VALUES (\'qwerty\', \'qwerty\', NULL, NULL, \'Perempuan\', \'123456\', \'dio@dio.com\')')
 3 SYSTEMPATH\Database\BaseConnection.php(646): CodeIgniter\Database\BaseConnection->simpleQuery('INSERT INTO `biodata` (`nama`, `alamat`, `tempat_lahir`, `tanggal_lahir`, `jenis_kelamin`, `no_telp`, `email`) VALUES (\'qwerty\', \'qwerty\', NULL, NULL, \'Perempuan\', \'123456\', \'dio@dio.com\')')
 4 SYSTEMPATH\Database\BaseBuilder.php(2345): CodeIgniter\Database\BaseConnection->query('INSERT INTO `biodata` (`nama`, `alamat`, `tempat_lahir`, `tanggal_lahir`, `jenis_kelamin`, `no_telp`, `email`) VALUES (:nama:, :alamat:, :tempat_lahir:, :tanggal_lahir:, :jenis_kelamin:, :no_telp:, :email:)', [...], false)
 5 SYSTEMPATH\Model.php(394): CodeIgniter\Database\BaseBuilder->insert()
 6 SYSTEMPATH\BaseModel.php(838): CodeIgniter\Model->doInsert([...])
 7 SYSTEMPATH\Model.php(797): CodeIgniter\BaseModel->insert([...], true)
 8 APPPATH\Controllers\BiodataController.php(33): CodeIgniter\Model->insert([...])
 9 SYSTEMPATH\CodeIgniter.php(933): App\Controllers\BiodataController->create()
10 SYSTEMPATH\CodeIgniter.php(507): CodeIgniter\CodeIgniter->runController(Object(App\Controllers\BiodataController))
11 SYSTEMPATH\CodeIgniter.php(354): CodeIgniter\CodeIgniter->handleRequest(null, Object(Config\Cache), false)
12 SYSTEMPATH\Boot.php(363): CodeIgniter\CodeIgniter->run()
13 SYSTEMPATH\Boot.php(68): CodeIgniter\Boot::runCodeIgniter(Object(CodeIgniter\CodeIgniter))
14 FCPATH\index.php(59): CodeIgniter\Boot::bootWeb(Object(Config\Paths))
ERROR - 2025-10-16 04:32:49 --> mysqli_sql_exception: Column 'tempat_lahir' cannot be null in C:\xampp\htdocs\biodata-api\system\Database\MySQLi\Connection.php:327
Stack trace:
#0 C:\xampp\htdocs\biodata-api\system\Database\MySQLi\Connection.php(327): mysqli->query('INSERT INTO `bi...', 0)
#1 C:\xampp\htdocs\biodata-api\system\Database\BaseConnection.php(729): CodeIgniter\Database\MySQLi\Connection->execute('INSERT INTO `bi...')
#2 C:\xampp\htdocs\biodata-api\system\Database\BaseConnection.php(646): CodeIgniter\Database\BaseConnection->simpleQuery('INSERT INTO `bi...')
#3 C:\xampp\htdocs\biodata-api\system\Database\BaseBuilder.php(2345): CodeIgniter\Database\BaseConnection->query('INSERT INTO `bi...', Array, false)
#4 C:\xampp\htdocs\biodata-api\system\Model.php(394): CodeIgniter\Database\BaseBuilder->insert()
#5 C:\xampp\htdocs\biodata-api\system\BaseModel.php(838): CodeIgniter\Model->doInsert(Array)
#6 C:\xampp\htdocs\biodata-api\system\Model.php(797): CodeIgniter\BaseModel->insert(Array, true)
#7 C:\xampp\htdocs\biodata-api\app\Controllers\BiodataController.php(33): CodeIgniter\Model->insert(Array)
#8 C:\xampp\htdocs\biodata-api\system\CodeIgniter.php(933): App\Controllers\BiodataController->create()
#9 C:\xampp\htdocs\biodata-api\system\CodeIgniter.php(507): CodeIgniter\CodeIgniter->runController(Object(App\Controllers\BiodataController))
#10 C:\xampp\htdocs\biodata-api\system\CodeIgniter.php(354): CodeIgniter\CodeIgniter->handleRequest(NULL, Object(Config\Cache), false)
#11 C:\xampp\htdocs\biodata-api\system\Boot.php(363): CodeIgniter\CodeIgniter->run()
#12 C:\xampp\htdocs\biodata-api\system\Boot.php(68): CodeIgniter\Boot::runCodeIgniter(Object(CodeIgniter\CodeIgniter))
#13 C:\xampp\htdocs\biodata-api\public\index.php(59): CodeIgniter\Boot::bootWeb(Object(Config\Paths))
#14 {main}
CRITICAL - 2025-10-16 04:32:49 --> CodeIgniter\Database\Exceptions\DatabaseException: Column 'tempat_lahir' cannot be null
[Method: POST, Route: biodata]
in SYSTEMPATH\Database\BaseConnection.php on line 684.
 1 SYSTEMPATH\Database\BaseBuilder.php(2345): CodeIgniter\Database\BaseConnection->query('INSERT INTO `biodata` (`nama`, `alamat`, `tempat_lahir`, `tanggal_lahir`, `jenis_kelamin`, `no_telp`, `email`) VALUES (:nama:, :alamat:, :tempat_lahir:, :tanggal_lahir:, :jenis_kelamin:, :no_telp:, :email:)', [...], false)
 2 SYSTEMPATH\Model.php(394): CodeIgniter\Database\BaseBuilder->insert()
 3 SYSTEMPATH\BaseModel.php(838): CodeIgniter\Model->doInsert([...])
 4 SYSTEMPATH\Model.php(797): CodeIgniter\BaseModel->insert([...], true)
 5 APPPATH\Controllers\BiodataController.php(33): CodeIgniter\Model->insert([...])
 6 SYSTEMPATH\CodeIgniter.php(933): App\Controllers\BiodataController->create()
 7 SYSTEMPATH\CodeIgniter.php(507): CodeIgniter\CodeIgniter->runController(Object(App\Controllers\BiodataController))
 8 SYSTEMPATH\CodeIgniter.php(354): CodeIgniter\CodeIgniter->handleRequest(null, Object(Config\Cache), false)
 9 SYSTEMPATH\Boot.php(363): CodeIgniter\CodeIgniter->run()
10 SYSTEMPATH\Boot.php(68): CodeIgniter\Boot::runCodeIgniter(Object(CodeIgniter\CodeIgniter))
11 FCPATH\index.php(59): CodeIgniter\Boot::bootWeb(Object(Config\Paths))
CRITICAL - 2025-10-16 04:32:49 --> [Caused by] CodeIgniter\Database\Exceptions\DatabaseException: Column 'tempat_lahir' cannot be null
in SYSTEMPATH\Database\MySQLi\Connection.php on line 332.
 1 SYSTEMPATH\Database\BaseConnection.php(729): CodeIgniter\Database\MySQLi\Connection->execute('INSERT INTO `biodata` (`nama`, `alamat`, `tempat_lahir`, `tanggal_lahir`, `jenis_kelamin`, `no_telp`, `email`) VALUES (\'qwerty\', \'qwerty\', NULL, NULL, \'Perempuan\', \'123456\', \'dio@dio.com\')')
 2 SYSTEMPATH\Database\BaseConnection.php(646): CodeIgniter\Database\BaseConnection->simpleQuery('INSERT INTO `biodata` (`nama`, `alamat`, `tempat_lahir`, `tanggal_lahir`, `jenis_kelamin`, `no_telp`, `email`) VALUES (\'qwerty\', \'qwerty\', NULL, NULL, \'Perempuan\', \'123456\', \'dio@dio.com\')')
 3 SYSTEMPATH\Database\BaseBuilder.php(2345): CodeIgniter\Database\BaseConnection->query('INSERT INTO `biodata` (`nama`, `alamat`, `tempat_lahir`, `tanggal_lahir`, `jenis_kelamin`, `no_telp`, `email`) VALUES (:nama:, :alamat:, :tempat_lahir:, :tanggal_lahir:, :jenis_kelamin:, :no_telp:, :email:)', [...], false)
 4 SYSTEMPATH\Model.php(394): CodeIgniter\Database\BaseBuilder->insert()
 5 SYSTEMPATH\BaseModel.php(838): CodeIgniter\Model->doInsert([...])
 6 SYSTEMPATH\Model.php(797): CodeIgniter\BaseModel->insert([...], true)
 7 APPPATH\Controllers\BiodataController.php(33): CodeIgniter\Model->insert([...])
 8 SYSTEMPATH\CodeIgniter.php(933): App\Controllers\BiodataController->create()
 9 SYSTEMPATH\CodeIgniter.php(507): CodeIgniter\CodeIgniter->runController(Object(App\Controllers\BiodataController))
10 SYSTEMPATH\CodeIgniter.php(354): CodeIgniter\CodeIgniter->handleRequest(null, Object(Config\Cache), false)
11 SYSTEMPATH\Boot.php(363): CodeIgniter\CodeIgniter->run()
12 SYSTEMPATH\Boot.php(68): CodeIgniter\Boot::runCodeIgniter(Object(CodeIgniter\CodeIgniter))
13 FCPATH\index.php(59): CodeIgniter\Boot::bootWeb(Object(Config\Paths))
CRITICAL - 2025-10-16 04:32:49 --> [Caused by] mysqli_sql_exception: Column 'tempat_lahir' cannot be null
in SYSTEMPATH\Database\MySQLi\Connection.php on line 327.
 1 SYSTEMPATH\Database\MySQLi\Connection.php(327): mysqli->query('INSERT INTO `biodata` (`nama`, `alamat`, `tempat_lahir`, `tanggal_lahir`, `jenis_kelamin`, `no_telp`, `email`) VALUES (\'qwerty\', \'qwerty\', NULL, NULL, \'Perempuan\', \'123456\', \'dio@dio.com\')', 0)
 2 SYSTEMPATH\Database\BaseConnection.php(729): CodeIgniter\Database\MySQLi\Connection->execute('INSERT INTO `biodata` (`nama`, `alamat`, `tempat_lahir`, `tanggal_lahir`, `jenis_kelamin`, `no_telp`, `email`) VALUES (\'qwerty\', \'qwerty\', NULL, NULL, \'Perempuan\', \'123456\', \'dio@dio.com\')')
 3 SYSTEMPATH\Database\BaseConnection.php(646): CodeIgniter\Database\BaseConnection->simpleQuery('INSERT INTO `biodata` (`nama`, `alamat`, `tempat_lahir`, `tanggal_lahir`, `jenis_kelamin`, `no_telp`, `email`) VALUES (\'qwerty\', \'qwerty\', NULL, NULL, \'Perempuan\', \'123456\', \'dio@dio.com\')')
 4 SYSTEMPATH\Database\BaseBuilder.php(2345): CodeIgniter\Database\BaseConnection->query('INSERT INTO `biodata` (`nama`, `alamat`, `tempat_lahir`, `tanggal_lahir`, `jenis_kelamin`, `no_telp`, `email`) VALUES (:nama:, :alamat:, :tempat_lahir:, :tanggal_lahir:, :jenis_kelamin:, :no_telp:, :email:)', [...], false)
 5 SYSTEMPATH\Model.php(394): CodeIgniter\Database\BaseBuilder->insert()
 6 SYSTEMPATH\BaseModel.php(838): CodeIgniter\Model->doInsert([...])
 7 SYSTEMPATH\Model.php(797): CodeIgniter\BaseModel->insert([...], true)
 8 APPPATH\Controllers\BiodataController.php(33): CodeIgniter\Model->insert([...])
 9 SYSTEMPATH\CodeIgniter.php(933): App\Controllers\BiodataController->create()
10 SYSTEMPATH\CodeIgniter.php(507): CodeIgniter\CodeIgniter->runController(Object(App\Controllers\BiodataController))
11 SYSTEMPATH\CodeIgniter.php(354): CodeIgniter\CodeIgniter->handleRequest(null, Object(Config\Cache), false)
12 SYSTEMPATH\Boot.php(363): CodeIgniter\CodeIgniter->run()
13 SYSTEMPATH\Boot.php(68): CodeIgniter\Boot::runCodeIgniter(Object(CodeIgniter\CodeIgniter))
14 FCPATH\index.php(59): CodeIgniter\Boot::bootWeb(Object(Config\Paths))
ERROR - 2025-10-16 04:34:01 --> mysqli_sql_exception: Column 'tempat_lahir' cannot be null in C:\xampp\htdocs\biodata-api\system\Database\MySQLi\Connection.php:327
Stack trace:
#0 C:\xampp\htdocs\biodata-api\system\Database\MySQLi\Connection.php(327): mysqli->query('INSERT INTO `bi...', 0)
#1 C:\xampp\htdocs\biodata-api\system\Database\BaseConnection.php(729): CodeIgniter\Database\MySQLi\Connection->execute('INSERT INTO `bi...')
#2 C:\xampp\htdocs\biodata-api\system\Database\BaseConnection.php(646): CodeIgniter\Database\BaseConnection->simpleQuery('INSERT INTO `bi...')
#3 C:\xampp\htdocs\biodata-api\system\Database\BaseBuilder.php(2345): CodeIgniter\Database\BaseConnection->query('INSERT INTO `bi...', Array, false)
#4 C:\xampp\htdocs\biodata-api\system\Model.php(394): CodeIgniter\Database\BaseBuilder->insert()
#5 C:\xampp\htdocs\biodata-api\system\BaseModel.php(838): CodeIgniter\Model->doInsert(Array)
#6 C:\xampp\htdocs\biodata-api\system\Model.php(797): CodeIgniter\BaseModel->insert(Array, true)
#7 C:\xampp\htdocs\biodata-api\app\Controllers\BiodataController.php(33): CodeIgniter\Model->insert(Array)
#8 C:\xampp\htdocs\biodata-api\system\CodeIgniter.php(933): App\Controllers\BiodataController->create()
#9 C:\xampp\htdocs\biodata-api\system\CodeIgniter.php(507): CodeIgniter\CodeIgniter->runController(Object(App\Controllers\BiodataController))
#10 C:\xampp\htdocs\biodata-api\system\CodeIgniter.php(354): CodeIgniter\CodeIgniter->handleRequest(NULL, Object(Config\Cache), false)
#11 C:\xampp\htdocs\biodata-api\system\Boot.php(363): CodeIgniter\CodeIgniter->run()
#12 C:\xampp\htdocs\biodata-api\system\Boot.php(68): CodeIgniter\Boot::runCodeIgniter(Object(CodeIgniter\CodeIgniter))
#13 C:\xampp\htdocs\biodata-api\public\index.php(59): CodeIgniter\Boot::bootWeb(Object(Config\Paths))
#14 {main}
CRITICAL - 2025-10-16 04:34:01 --> CodeIgniter\Database\Exceptions\DatabaseException: Column 'tempat_lahir' cannot be null
[Method: POST, Route: biodata]
in SYSTEMPATH\Database\BaseConnection.php on line 684.
 1 SYSTEMPATH\Database\BaseBuilder.php(2345): CodeIgniter\Database\BaseConnection->query('INSERT INTO `biodata` (`nama`, `alamat`, `tempat_lahir`, `tanggal_lahir`, `jenis_kelamin`, `no_telp`, `email`) VALUES (:nama:, :alamat:, :tempat_lahir:, :tanggal_lahir:, :jenis_kelamin:, :no_telp:, :email:)', [...], false)
 2 SYSTEMPATH\Model.php(394): CodeIgniter\Database\BaseBuilder->insert()
 3 SYSTEMPATH\BaseModel.php(838): CodeIgniter\Model->doInsert([...])
 4 SYSTEMPATH\Model.php(797): CodeIgniter\BaseModel->insert([...], true)
 5 APPPATH\Controllers\BiodataController.php(33): CodeIgniter\Model->insert([...])
 6 SYSTEMPATH\CodeIgniter.php(933): App\Controllers\BiodataController->create()
 7 SYSTEMPATH\CodeIgniter.php(507): CodeIgniter\CodeIgniter->runController(Object(App\Controllers\BiodataController))
 8 SYSTEMPATH\CodeIgniter.php(354): CodeIgniter\CodeIgniter->handleRequest(null, Object(Config\Cache), false)
 9 SYSTEMPATH\Boot.php(363): CodeIgniter\CodeIgniter->run()
10 SYSTEMPATH\Boot.php(68): CodeIgniter\Boot::runCodeIgniter(Object(CodeIgniter\CodeIgniter))
11 FCPATH\index.php(59): CodeIgniter\Boot::bootWeb(Object(Config\Paths))
CRITICAL - 2025-10-16 04:34:01 --> [Caused by] CodeIgniter\Database\Exceptions\DatabaseException: Column 'tempat_lahir' cannot be null
in SYSTEMPATH\Database\MySQLi\Connection.php on line 332.
 1 SYSTEMPATH\Database\BaseConnection.php(729): CodeIgniter\Database\MySQLi\Connection->execute('INSERT INTO `biodata` (`nama`, `alamat`, `tempat_lahir`, `tanggal_lahir`, `jenis_kelamin`, `no_telp`, `email`) VALUES (\'qwerty\', \'qwerty\', NULL, NULL, \'Perempuan\', \'123456\', \'dio@dio.com\')')
 2 SYSTEMPATH\Database\BaseConnection.php(646): CodeIgniter\Database\BaseConnection->simpleQuery('INSERT INTO `biodata` (`nama`, `alamat`, `tempat_lahir`, `tanggal_lahir`, `jenis_kelamin`, `no_telp`, `email`) VALUES (\'qwerty\', \'qwerty\', NULL, NULL, \'Perempuan\', \'123456\', \'dio@dio.com\')')
 3 SYSTEMPATH\Database\BaseBuilder.php(2345): CodeIgniter\Database\BaseConnection->query('INSERT INTO `biodata` (`nama`, `alamat`, `tempat_lahir`, `tanggal_lahir`, `jenis_kelamin`, `no_telp`, `email`) VALUES (:nama:, :alamat:, :tempat_lahir:, :tanggal_lahir:, :jenis_kelamin:, :no_telp:, :email:)', [...], false)
 4 SYSTEMPATH\Model.php(394): CodeIgniter\Database\BaseBuilder->insert()
 5 SYSTEMPATH\BaseModel.php(838): CodeIgniter\Model->doInsert([...])
 6 SYSTEMPATH\Model.php(797): CodeIgniter\BaseModel->insert([...], true)
 7 APPPATH\Controllers\BiodataController.php(33): CodeIgniter\Model->insert([...])
 8 SYSTEMPATH\CodeIgniter.php(933): App\Controllers\BiodataController->create()
 9 SYSTEMPATH\CodeIgniter.php(507): CodeIgniter\CodeIgniter->runController(Object(App\Controllers\BiodataController))
10 SYSTEMPATH\CodeIgniter.php(354): CodeIgniter\CodeIgniter->handleRequest(null, Object(Config\Cache), false)
11 SYSTEMPATH\Boot.php(363): CodeIgniter\CodeIgniter->run()
12 SYSTEMPATH\Boot.php(68): CodeIgniter\Boot::runCodeIgniter(Object(CodeIgniter\CodeIgniter))
13 FCPATH\index.php(59): CodeIgniter\Boot::bootWeb(Object(Config\Paths))
CRITICAL - 2025-10-16 04:34:01 --> [Caused by] mysqli_sql_exception: Column 'tempat_lahir' cannot be null
in SYSTEMPATH\Database\MySQLi\Connection.php on line 327.
 1 SYSTEMPATH\Database\MySQLi\Connection.php(327): mysqli->query('INSERT INTO `biodata` (`nama`, `alamat`, `tempat_lahir`, `tanggal_lahir`, `jenis_kelamin`, `no_telp`, `email`) VALUES (\'qwerty\', \'qwerty\', NULL, NULL, \'Perempuan\', \'123456\', \'dio@dio.com\')', 0)
 2 SYSTEMPATH\Database\BaseConnection.php(729): CodeIgniter\Database\MySQLi\Connection->execute('INSERT INTO `biodata` (`nama`, `alamat`, `tempat_lahir`, `tanggal_lahir`, `jenis_kelamin`, `no_telp`, `email`) VALUES (\'qwerty\', \'qwerty\', NULL, NULL, \'Perempuan\', \'123456\', \'dio@dio.com\')')
 3 SYSTEMPATH\Database\BaseConnection.php(646): CodeIgniter\Database\BaseConnection->simpleQuery('INSERT INTO `biodata` (`nama`, `alamat`, `tempat_lahir`, `tanggal_lahir`, `jenis_kelamin`, `no_telp`, `email`) VALUES (\'qwerty\', \'qwerty\', NULL, NULL, \'Perempuan\', \'123456\', \'dio@dio.com\')')
 4 SYSTEMPATH\Database\BaseBuilder.php(2345): CodeIgniter\Database\BaseConnection->query('INSERT INTO `biodata` (`nama`, `alamat`, `tempat_lahir`, `tanggal_lahir`, `jenis_kelamin`, `no_telp`, `email`) VALUES (:nama:, :alamat:, :tempat_lahir:, :tanggal_lahir:, :jenis_kelamin:, :no_telp:, :email:)', [...], false)
 5 SYSTEMPATH\Model.php(394): CodeIgniter\Database\BaseBuilder->insert()
 6 SYSTEMPATH\BaseModel.php(838): CodeIgniter\Model->doInsert([...])
 7 SYSTEMPATH\Model.php(797): CodeIgniter\BaseModel->insert([...], true)
 8 APPPATH\Controllers\BiodataController.php(33): CodeIgniter\Model->insert([...])
 9 SYSTEMPATH\CodeIgniter.php(933): App\Controllers\BiodataController->create()
10 SYSTEMPATH\CodeIgniter.php(507): CodeIgniter\CodeIgniter->runController(Object(App\Controllers\BiodataController))
11 SYSTEMPATH\CodeIgniter.php(354): CodeIgniter\CodeIgniter->handleRequest(null, Object(Config\Cache), false)
12 SYSTEMPATH\Boot.php(363): CodeIgniter\CodeIgniter->run()
13 SYSTEMPATH\Boot.php(68): CodeIgniter\Boot::runCodeIgniter(Object(CodeIgniter\CodeIgniter))
14 FCPATH\index.php(59): CodeIgniter\Boot::bootWeb(Object(Config\Paths))
ERROR - 2025-10-16 04:35:34 --> mysqli_sql_exception: Column 'tempat_lahir' cannot be null in C:\xampp\htdocs\biodata-api\system\Database\MySQLi\Connection.php:327
Stack trace:
#0 C:\xampp\htdocs\biodata-api\system\Database\MySQLi\Connection.php(327): mysqli->query('INSERT INTO `bi...', 0)
#1 C:\xampp\htdocs\biodata-api\system\Database\BaseConnection.php(729): CodeIgniter\Database\MySQLi\Connection->execute('INSERT INTO `bi...')
#2 C:\xampp\htdocs\biodata-api\system\Database\BaseConnection.php(646): CodeIgniter\Database\BaseConnection->simpleQuery('INSERT INTO `bi...')
#3 C:\xampp\htdocs\biodata-api\system\Database\BaseBuilder.php(2345): CodeIgniter\Database\BaseConnection->query('INSERT INTO `bi...', Array, false)
#4 C:\xampp\htdocs\biodata-api\system\Model.php(394): CodeIgniter\Database\BaseBuilder->insert()
#5 C:\xampp\htdocs\biodata-api\system\BaseModel.php(838): CodeIgniter\Model->doInsert(Array)
#6 C:\xampp\htdocs\biodata-api\system\Model.php(797): CodeIgniter\BaseModel->insert(Array, true)
#7 C:\xampp\htdocs\biodata-api\app\Controllers\BiodataController.php(33): CodeIgniter\Model->insert(Array)
#8 C:\xampp\htdocs\biodata-api\system\CodeIgniter.php(933): App\Controllers\BiodataController->create()
#9 C:\xampp\htdocs\biodata-api\system\CodeIgniter.php(507): CodeIgniter\CodeIgniter->runController(Object(App\Controllers\BiodataController))
#10 C:\xampp\htdocs\biodata-api\system\CodeIgniter.php(354): CodeIgniter\CodeIgniter->handleRequest(NULL, Object(Config\Cache), false)
#11 C:\xampp\htdocs\biodata-api\system\Boot.php(363): CodeIgniter\CodeIgniter->run()
#12 C:\xampp\htdocs\biodata-api\system\Boot.php(68): CodeIgniter\Boot::runCodeIgniter(Object(CodeIgniter\CodeIgniter))
#13 C:\xampp\htdocs\biodata-api\public\index.php(59): CodeIgniter\Boot::bootWeb(Object(Config\Paths))
#14 {main}
CRITICAL - 2025-10-16 04:35:34 --> CodeIgniter\Database\Exceptions\DatabaseException: Column 'tempat_lahir' cannot be null
[Method: POST, Route: biodata]
in SYSTEMPATH\Database\BaseConnection.php on line 684.
 1 SYSTEMPATH\Database\BaseBuilder.php(2345): CodeIgniter\Database\BaseConnection->query('INSERT INTO `biodata` (`nama`, `alamat`, `tempat_lahir`, `tanggal_lahir`, `jenis_kelamin`, `no_telp`, `email`) VALUES (:nama:, :alamat:, :tempat_lahir:, :tanggal_lahir:, :jenis_kelamin:, :no_telp:, :email:)', [...], false)
 2 SYSTEMPATH\Model.php(394): CodeIgniter\Database\BaseBuilder->insert()
 3 SYSTEMPATH\BaseModel.php(838): CodeIgniter\Model->doInsert([...])
 4 SYSTEMPATH\Model.php(797): CodeIgniter\BaseModel->insert([...], true)
 5 APPPATH\Controllers\BiodataController.php(33): CodeIgniter\Model->insert([...])
 6 SYSTEMPATH\CodeIgniter.php(933): App\Controllers\BiodataController->create()
 7 SYSTEMPATH\CodeIgniter.php(507): CodeIgniter\CodeIgniter->runController(Object(App\Controllers\BiodataController))
 8 SYSTEMPATH\CodeIgniter.php(354): CodeIgniter\CodeIgniter->handleRequest(null, Object(Config\Cache), false)
 9 SYSTEMPATH\Boot.php(363): CodeIgniter\CodeIgniter->run()
10 SYSTEMPATH\Boot.php(68): CodeIgniter\Boot::runCodeIgniter(Object(CodeIgniter\CodeIgniter))
11 FCPATH\index.php(59): CodeIgniter\Boot::bootWeb(Object(Config\Paths))
CRITICAL - 2025-10-16 04:35:34 --> [Caused by] CodeIgniter\Database\Exceptions\DatabaseException: Column 'tempat_lahir' cannot be null
in SYSTEMPATH\Database\MySQLi\Connection.php on line 332.
 1 SYSTEMPATH\Database\BaseConnection.php(729): CodeIgniter\Database\MySQLi\Connection->execute('INSERT INTO `biodata` (`nama`, `alamat`, `tempat_lahir`, `tanggal_lahir`, `jenis_kelamin`, `no_telp`, `email`) VALUES (\'qwerty\', \'qwerty\', NULL, NULL, \'Perempuan\', \'123456\', \'dio@dio.com\')')
 2 SYSTEMPATH\Database\BaseConnection.php(646): CodeIgniter\Database\BaseConnection->simpleQuery('INSERT INTO `biodata` (`nama`, `alamat`, `tempat_lahir`, `tanggal_lahir`, `jenis_kelamin`, `no_telp`, `email`) VALUES (\'qwerty\', \'qwerty\', NULL, NULL, \'Perempuan\', \'123456\', \'dio@dio.com\')')
 3 SYSTEMPATH\Database\BaseBuilder.php(2345): CodeIgniter\Database\BaseConnection->query('INSERT INTO `biodata` (`nama`, `alamat`, `tempat_lahir`, `tanggal_lahir`, `jenis_kelamin`, `no_telp`, `email`) VALUES (:nama:, :alamat:, :tempat_lahir:, :tanggal_lahir:, :jenis_kelamin:, :no_telp:, :email:)', [...], false)
 4 SYSTEMPATH\Model.php(394): CodeIgniter\Database\BaseBuilder->insert()
 5 SYSTEMPATH\BaseModel.php(838): CodeIgniter\Model->doInsert([...])
 6 SYSTEMPATH\Model.php(797): CodeIgniter\BaseModel->insert([...], true)
 7 APPPATH\Controllers\BiodataController.php(33): CodeIgniter\Model->insert([...])
 8 SYSTEMPATH\CodeIgniter.php(933): App\Controllers\BiodataController->create()
 9 SYSTEMPATH\CodeIgniter.php(507): CodeIgniter\CodeIgniter->runController(Object(App\Controllers\BiodataController))
10 SYSTEMPATH\CodeIgniter.php(354): CodeIgniter\CodeIgniter->handleRequest(null, Object(Config\Cache), false)
11 SYSTEMPATH\Boot.php(363): CodeIgniter\CodeIgniter->run()
12 SYSTEMPATH\Boot.php(68): CodeIgniter\Boot::runCodeIgniter(Object(CodeIgniter\CodeIgniter))
13 FCPATH\index.php(59): CodeIgniter\Boot::bootWeb(Object(Config\Paths))
CRITICAL - 2025-10-16 04:35:34 --> [Caused by] mysqli_sql_exception: Column 'tempat_lahir' cannot be null
in SYSTEMPATH\Database\MySQLi\Connection.php on line 327.
 1 SYSTEMPATH\Database\MySQLi\Connection.php(327): mysqli->query('INSERT INTO `biodata` (`nama`, `alamat`, `tempat_lahir`, `tanggal_lahir`, `jenis_kelamin`, `no_telp`, `email`) VALUES (\'qwerty\', \'qwerty\', NULL, NULL, \'Perempuan\', \'123456\', \'dio@dio.com\')', 0)
 2 SYSTEMPATH\Database\BaseConnection.php(729): CodeIgniter\Database\MySQLi\Connection->execute('INSERT INTO `biodata` (`nama`, `alamat`, `tempat_lahir`, `tanggal_lahir`, `jenis_kelamin`, `no_telp`, `email`) VALUES (\'qwerty\', \'qwerty\', NULL, NULL, \'Perempuan\', \'123456\', \'dio@dio.com\')')
 3 SYSTEMPATH\Database\BaseConnection.php(646): CodeIgniter\Database\BaseConnection->simpleQuery('INSERT INTO `biodata` (`nama`, `alamat`, `tempat_lahir`, `tanggal_lahir`, `jenis_kelamin`, `no_telp`, `email`) VALUES (\'qwerty\', \'qwerty\', NULL, NULL, \'Perempuan\', \'123456\', \'dio@dio.com\')')
 4 SYSTEMPATH\Database\BaseBuilder.php(2345): CodeIgniter\Database\BaseConnection->query('INSERT INTO `biodata` (`nama`, `alamat`, `tempat_lahir`, `tanggal_lahir`, `jenis_kelamin`, `no_telp`, `email`) VALUES (:nama:, :alamat:, :tempat_lahir:, :tanggal_lahir:, :jenis_kelamin:, :no_telp:, :email:)', [...], false)
 5 SYSTEMPATH\Model.php(394): CodeIgniter\Database\BaseBuilder->insert()
 6 SYSTEMPATH\BaseModel.php(838): CodeIgniter\Model->doInsert([...])
 7 SYSTEMPATH\Model.php(797): CodeIgniter\BaseModel->insert([...], true)
 8 APPPATH\Controllers\BiodataController.php(33): CodeIgniter\Model->insert([...])
 9 SYSTEMPATH\CodeIgniter.php(933): App\Controllers\BiodataController->create()
10 SYSTEMPATH\CodeIgniter.php(507): CodeIgniter\CodeIgniter->runController(Object(App\Controllers\BiodataController))
11 SYSTEMPATH\CodeIgniter.php(354): CodeIgniter\CodeIgniter->handleRequest(null, Object(Config\Cache), false)
12 SYSTEMPATH\Boot.php(363): CodeIgniter\CodeIgniter->run()
13 SYSTEMPATH\Boot.php(68): CodeIgniter\Boot::runCodeIgniter(Object(CodeIgniter\CodeIgniter))
14 FCPATH\index.php(59): CodeIgniter\Boot::bootWeb(Object(Config\Paths))
